Started GET "/" for ::1 at 2020-05-03 23:36:12 -0700
  
PG::ConnectionBad (could not connect to server: No such file or directory
	Is the server running locally and accepting
	connections on Unix domain socket "/tmp/.s.PGSQL.5432"?
):
  
pg (1.2.3) lib/pg.rb:58:in `initialize'
pg (1.2.3) lib/pg.rb:58:in `new'
pg (1.2.3) lib/pg.rb:58:in `connect'
activerecord (5.2.4.2) lib/active_record/connection_adapters/postgresql_adapter.rb:692:in `connect'
activerecord (5.2.4.2) lib/active_record/connection_adapters/postgresql_adapter.rb:223:in `initialize'
activerecord (5.2.4.2) lib/active_record/connection_adapters/postgresql_adapter.rb:48:in `new'
activerecord (5.2.4.2) lib/active_record/connection_adapters/postgresql_adapter.rb:48:in `postgresql_connection'
activerecord (5.2.4.2) lib/active_record/connection_adapters/abstract/connection_pool.rb:830:in `new_connection'
activerecord (5.2.4.2) lib/active_record/connection_adapters/abstract/connection_pool.rb:874:in `checkout_new_connection'
activerecord (5.2.4.2) lib/active_record/connection_adapters/abstract/connection_pool.rb:853:in `try_to_checkout_new_connection'
activerecord (5.2.4.2) lib/active_record/connection_adapters/abstract/connection_pool.rb:814:in `acquire_connection'
activerecord (5.2.4.2) lib/active_record/connection_adapters/abstract/connection_pool.rb:538:in `checkout'
activerecord (5.2.4.2) lib/active_record/connection_adapters/abstract/connection_pool.rb:382:in `connection'
activerecord (5.2.4.2) lib/active_record/connection_adapters/abstract/connection_pool.rb:1033:in `retrieve_connection'
activerecord (5.2.4.2) lib/active_record/connection_handling.rb:118:in `retrieve_connection'
activerecord (5.2.4.2) lib/active_record/connection_handling.rb:90:in `connection'
activerecord (5.2.4.2) lib/active_record/migration.rb:554:in `call'
actionpack (5.2.4.2) lib/action_dispatch/middleware/callbacks.rb:28:in `block in call'
activesupport (5.2.4.2) lib/active_support/callbacks.rb:98:in `run_callbacks'
actionpack (5.2.4.2) lib/action_dispatch/middleware/callbacks.rb:26:in `call'
actionpack (5.2.4.2) lib/action_dispatch/middleware/executor.rb:14:in `call'
actionpack (5.2.4.2) lib/action_dispatch/middleware/debug_exceptions.rb:61:in `call'
web-console (3.7.0) lib/web_console/middleware.rb:135:in `call_app'
web-console (3.7.0) lib/web_console/middleware.rb:30:in `block in call'
web-console (3.7.0) lib/web_console/middleware.rb:20:in `catch'
web-console (3.7.0) lib/web_console/middleware.rb:20:in `call'
actionpack (5.2.4.2) lib/action_dispatch/middleware/show_exceptions.rb:33:in `call'
railties (5.2.4.2) lib/rails/rack/logger.rb:38:in `call_app'
railties (5.2.4.2) lib/rails/rack/logger.rb:26:in `block in call'
activesupport (5.2.4.2) lib/active_support/tagged_logging.rb:71:in `block in tagged'
activesupport (5.2.4.2) lib/active_support/tagged_logging.rb:28:in `tagged'
activesupport (5.2.4.2) lib/active_support/tagged_logging.rb:71:in `tagged'
railties (5.2.4.2) lib/rails/rack/logger.rb:26:in `call'
sprockets-rails (3.2.1) lib/sprockets/rails/quiet_assets.rb:13:in `call'
actionpack (5.2.4.2) lib/action_dispatch/middleware/remote_ip.rb:81:in `call'
actionpack (5.2.4.2) lib/action_dispatch/middleware/request_id.rb:27:in `call'
rack (2.2.2) lib/rack/method_override.rb:24:in `call'
rack (2.2.2) lib/rack/runtime.rb:22:in `call'
activesupport (5.2.4.2) lib/active_support/cache/strategy/local_cache_middleware.rb:29:in `call'
actionpack (5.2.4.2) lib/action_dispatch/middleware/executor.rb:14:in `call'
actionpack (5.2.4.2) lib/action_dispatch/middleware/static.rb:127:in `call'
rack (2.2.2) lib/rack/sendfile.rb:110:in `call'
railties (5.2.4.2) lib/rails/engine.rb:524:in `call'
puma (3.12.4) lib/puma/configuration.rb:227:in `call'
puma (3.12.4) lib/puma/server.rb:675:in `handle_request'
puma (3.12.4) lib/puma/server.rb:476:in `process_client'
puma (3.12.4) lib/puma/server.rb:334:in `block in run'
puma (3.12.4) lib/puma/thread_pool.rb:135:in `block in spawn_thread'
Started GET "/" for ::1 at 2020-05-03 23:36:49 -0700
  
ActiveRecord::NoDatabaseError (FATAL:  database "food_delivery_rails_app_development" does not exist
):
  
activerecord (5.2.4.2) lib/active_record/connection_adapters/postgresql_adapter.rb:696:in `rescue in connect'
activerecord (5.2.4.2) lib/active_record/connection_adapters/postgresql_adapter.rb:691:in `connect'
activerecord (5.2.4.2) lib/active_record/connection_adapters/postgresql_adapter.rb:223:in `initialize'
activerecord (5.2.4.2) lib/active_record/connection_adapters/postgresql_adapter.rb:48:in `new'
activerecord (5.2.4.2) lib/active_record/connection_adapters/postgresql_adapter.rb:48:in `postgresql_connection'
activerecord (5.2.4.2) lib/active_record/connection_adapters/abstract/connection_pool.rb:830:in `new_connection'
activerecord (5.2.4.2) lib/active_record/connection_adapters/abstract/connection_pool.rb:874:in `checkout_new_connection'
activerecord (5.2.4.2) lib/active_record/connection_adapters/abstract/connection_pool.rb:853:in `try_to_checkout_new_connection'
activerecord (5.2.4.2) lib/active_record/connection_adapters/abstract/connection_pool.rb:814:in `acquire_connection'
activerecord (5.2.4.2) lib/active_record/connection_adapters/abstract/connection_pool.rb:538:in `checkout'
activerecord (5.2.4.2) lib/active_record/connection_adapters/abstract/connection_pool.rb:382:in `connection'
activerecord (5.2.4.2) lib/active_record/connection_adapters/abstract/connection_pool.rb:1033:in `retrieve_connection'
activerecord (5.2.4.2) lib/active_record/connection_handling.rb:118:in `retrieve_connection'
activerecord (5.2.4.2) lib/active_record/connection_handling.rb:90:in `connection'
activerecord (5.2.4.2) lib/active_record/migration.rb:554:in `call'
actionpack (5.2.4.2) lib/action_dispatch/middleware/callbacks.rb:28:in `block in call'
activesupport (5.2.4.2) lib/active_support/callbacks.rb:98:in `run_callbacks'
actionpack (5.2.4.2) lib/action_dispatch/middleware/callbacks.rb:26:in `call'
actionpack (5.2.4.2) lib/action_dispatch/middleware/executor.rb:14:in `call'
actionpack (5.2.4.2) lib/action_dispatch/middleware/debug_exceptions.rb:61:in `call'
web-console (3.7.0) lib/web_console/middleware.rb:135:in `call_app'
web-console (3.7.0) lib/web_console/middleware.rb:30:in `block in call'
web-console (3.7.0) lib/web_console/middleware.rb:20:in `catch'
web-console (3.7.0) lib/web_console/middleware.rb:20:in `call'
actionpack (5.2.4.2) lib/action_dispatch/middleware/show_exceptions.rb:33:in `call'
railties (5.2.4.2) lib/rails/rack/logger.rb:38:in `call_app'
railties (5.2.4.2) lib/rails/rack/logger.rb:26:in `block in call'
activesupport (5.2.4.2) lib/active_support/tagged_logging.rb:71:in `block in tagged'
activesupport (5.2.4.2) lib/active_support/tagged_logging.rb:28:in `tagged'
activesupport (5.2.4.2) lib/active_support/tagged_logging.rb:71:in `tagged'
railties (5.2.4.2) lib/rails/rack/logger.rb:26:in `call'
sprockets-rails (3.2.1) lib/sprockets/rails/quiet_assets.rb:13:in `call'
actionpack (5.2.4.2) lib/action_dispatch/middleware/remote_ip.rb:81:in `call'
actionpack (5.2.4.2) lib/action_dispatch/middleware/request_id.rb:27:in `call'
rack (2.2.2) lib/rack/method_override.rb:24:in `call'
rack (2.2.2) lib/rack/runtime.rb:22:in `call'
activesupport (5.2.4.2) lib/active_support/cache/strategy/local_cache_middleware.rb:29:in `call'
actionpack (5.2.4.2) lib/action_dispatch/middleware/executor.rb:14:in `call'
actionpack (5.2.4.2) lib/action_dispatch/middleware/static.rb:127:in `call'
rack (2.2.2) lib/rack/sendfile.rb:110:in `call'
railties (5.2.4.2) lib/rails/engine.rb:524:in `call'
puma (3.12.4) lib/puma/configuration.rb:227:in `call'
puma (3.12.4) lib/puma/server.rb:675:in `handle_request'
puma (3.12.4) lib/puma/server.rb:476:in `process_client'
puma (3.12.4) lib/puma/server.rb:334:in `block in run'
puma (3.12.4) lib/puma/thread_pool.rb:135:in `block in spawn_thread'
  [1m[35m (645.8ms)[0m  [1m[35mCREATE DATABASE "food_delivery_rails_app_development" ENCODING = 'unicode'[0m
  ↳ bin/rails:9
  [1m[35m (513.6ms)[0m  [1m[35mCREATE DATABASE "food_delivery_rails_app_test" ENCODING = 'unicode'[0m
  ↳ bin/rails:9
Started GET "/" for ::1 at 2020-05-03 23:37:43 -0700
Processing by StaticPagesController#root as HTML
  Rendering static_pages/root.html.erb within layouts/application
  Rendered static_pages/root.html.erb within layouts/application (1.7ms)
Completed 200 OK in 611ms (Views: 579.8ms | ActiveRecord: 0.0ms)


Started GET "/" for ::1 at 2020-05-03 23:41:26 -0700
Processing by StaticPagesController#root as HTML
  Rendering static_pages/root.html.erb within layouts/application
  Rendered static_pages/root.html.erb within layouts/application (9.3ms)
Completed 200 OK in 115ms (Views: 97.8ms | ActiveRecord: 0.0ms)


Started GET "/" for ::1 at 2020-05-03 23:55:43 -0700
Processing by Rails::WelcomeController#index as HTML
  Rendering /Users/meenakshianand/.rbenv/versions/2.5.1/lib/ruby/gems/2.5.0/gems/railties-5.2.4.2/lib/rails/templates/rails/welcome/index.html.erb
  Rendered /Users/meenakshianand/.rbenv/versions/2.5.1/lib/ruby/gems/2.5.0/gems/railties-5.2.4.2/lib/rails/templates/rails/welcome/index.html.erb (15.9ms)
Completed 200 OK in 138ms (Views: 20.4ms | ActiveRecord: 0.0ms)


Started GET "/" for ::1 at 2020-05-03 23:56:34 -0700
Processing by Rails::WelcomeController#index as HTML
  Rendering /Users/meenakshianand/.rbenv/versions/2.5.1/lib/ruby/gems/2.5.0/gems/railties-5.2.4.2/lib/rails/templates/rails/welcome/index.html.erb
  Rendered /Users/meenakshianand/.rbenv/versions/2.5.1/lib/ruby/gems/2.5.0/gems/railties-5.2.4.2/lib/rails/templates/rails/welcome/index.html.erb (4.1ms)
Completed 200 OK in 16ms (Views: 9.1ms | ActiveRecord: 0.0ms)


Started GET "/" for ::1 at 2020-05-04 00:02:34 -0700
Processing by Rails::WelcomeController#index as HTML
  Rendering /Users/meenakshianand/.rbenv/versions/2.5.1/lib/ruby/gems/2.5.0/gems/railties-5.2.4.2/lib/rails/templates/rails/welcome/index.html.erb
  Rendered /Users/meenakshianand/.rbenv/versions/2.5.1/lib/ruby/gems/2.5.0/gems/railties-5.2.4.2/lib/rails/templates/rails/welcome/index.html.erb (11.3ms)
Completed 200 OK in 48ms (Views: 20.5ms | ActiveRecord: 0.0ms)


Started GET "/" for 127.0.0.1 at 2020-05-04 00:14:50 -0700
Processing by Rails::WelcomeController#index as HTML
  Rendering /Users/meenakshianand/.rbenv/versions/2.5.1/lib/ruby/gems/2.5.0/gems/railties-5.2.4.2/lib/rails/templates/rails/welcome/index.html.erb
  Rendered /Users/meenakshianand/.rbenv/versions/2.5.1/lib/ruby/gems/2.5.0/gems/railties-5.2.4.2/lib/rails/templates/rails/welcome/index.html.erb (12.9ms)
Completed 200 OK in 44ms (Views: 19.5ms | ActiveRecord: 0.0ms)


Started GET "/" for 127.0.0.1 at 2020-05-04 00:22:01 -0700
Processing by Rails::WelcomeController#index as HTML
  Rendering /Users/meenakshianand/.rbenv/versions/2.5.1/lib/ruby/gems/2.5.0/gems/railties-5.2.4.2/lib/rails/templates/rails/welcome/index.html.erb
  Rendered /Users/meenakshianand/.rbenv/versions/2.5.1/lib/ruby/gems/2.5.0/gems/railties-5.2.4.2/lib/rails/templates/rails/welcome/index.html.erb (5.6ms)
Completed 200 OK in 55ms (Views: 40.4ms | ActiveRecord: 0.0ms)


Started GET "/" for 127.0.0.1 at 2020-05-04 00:22:03 -0700
Processing by Rails::WelcomeController#index as HTML
  Rendering /Users/meenakshianand/.rbenv/versions/2.5.1/lib/ruby/gems/2.5.0/gems/railties-5.2.4.2/lib/rails/templates/rails/welcome/index.html.erb
  Rendered /Users/meenakshianand/.rbenv/versions/2.5.1/lib/ruby/gems/2.5.0/gems/railties-5.2.4.2/lib/rails/templates/rails/welcome/index.html.erb (3.1ms)
Completed 200 OK in 13ms (Views: 7.4ms | ActiveRecord: 0.0ms)


Started GET "/" for ::1 at 2020-05-04 00:50:11 -0700
Processing by Rails::WelcomeController#index as HTML
  Rendering /Users/meenakshianand/.rbenv/versions/2.5.1/lib/ruby/gems/2.5.0/gems/railties-5.2.4.2/lib/rails/templates/rails/welcome/index.html.erb
  Rendered /Users/meenakshianand/.rbenv/versions/2.5.1/lib/ruby/gems/2.5.0/gems/railties-5.2.4.2/lib/rails/templates/rails/welcome/index.html.erb (6.5ms)
Completed 200 OK in 85ms (Views: 44.6ms | ActiveRecord: 0.0ms)


  [1m[35m (6.6ms)[0m  [1m[35mCREATE DATABASE "food_delivery_rails_app_development" ENCODING = 'unicode'[0m
  ↳ bin/rails:9
  [1m[35m (1.2ms)[0m  [1m[35mCREATE DATABASE "food_delivery_rails_app_test" ENCODING = 'unicode'[0m
  ↳ bin/rails:9
  [1m[35m (72.0ms)[0m  [1m[35mCREATE TABLE "schema_migrations" ("version" character varying NOT NULL PRIMARY KEY)[0m
  ↳ bin/rails:9
  [1m[35m (9.3ms)[0m  [1m[35mCREATE TABLE "ar_internal_metadata" ("key" character varying NOT NULL PRIMARY KEY, "value" character varying, "created_at" timestamp NOT NULL, "updated_at" timestamp NOT NULL)[0m
  ↳ bin/rails:9
  [1m[35m (3.0ms)[0m  [1m[34mSELECT pg_try_advisory_lock(8004222036087932970)[0m
  ↳ bin/rails:9
  [1m[35m (1.9ms)[0m  [1m[34mSELECT "schema_migrations"."version" FROM "schema_migrations" ORDER BY "schema_migrations"."version" ASC[0m
  ↳ bin/rails:9
Migrating to CreateUsers (20200504172457)
  [1m[35m (0.3ms)[0m  [1m[35mBEGIN[0m
  ↳ bin/rails:9
  [1m[35m (12.9ms)[0m  [1m[35mCREATE TABLE "users" ("id" bigserial primary key, "name" character varying NOT NULL, "email" character varying NOT NULL, "password_digest" character varying NOT NULL, "entity_type" character varying, "entity_id" bigint, "created_at" timestamp NOT NULL, "updated_at" timestamp NOT NULL)[0m
  ↳ db/migrate/20200504172457_create_users.rb:3
  [1m[35m (1.6ms)[0m  [1m[35mCREATE  INDEX  "index_users_on_entity_type_and_entity_id" ON "users"  ("entity_type", "entity_id")[0m
  ↳ db/migrate/20200504172457_create_users.rb:3
  [1m[35m (1.4ms)[0m  [1m[35mCREATE UNIQUE INDEX  "index_users_on_email" ON "users"  ("email")[0m
  ↳ db/migrate/20200504172457_create_users.rb:10
  [1m[36mActiveRecord::SchemaMigration Create (1.1ms)[0m  [1m[32mINSERT INTO "schema_migrations" ("version") VALUES ($1) RETURNING "version"[0m  [["version", "20200504172457"]]
  ↳ bin/rails:9
  [1m[35m (0.6ms)[0m  [1m[35mCOMMIT[0m
  ↳ bin/rails:9
  [1m[36mActiveRecord::InternalMetadata Load (1.4ms)[0m  [1m[34mSELECT  "ar_internal_metadata".* FROM "ar_internal_metadata" WHERE "ar_internal_metadata"."key" = $1 LIMIT $2[0m  [["key", "environment"], ["LIMIT", 1]]
  ↳ bin/rails:9
  [1m[35m (0.3ms)[0m  [1m[35mBEGIN[0m
  ↳ bin/rails:9
  [1m[36mActiveRecord::InternalMetadata Create (1.8ms)[0m  [1m[32mINSERT INTO "ar_internal_metadata" ("key", "value", "created_at", "updated_at") VALUES ($1, $2, $3, $4) RETURNING "key"[0m  [["key", "environment"], ["value", "development"], ["created_at", "2020-05-04 17:57:54.879976"], ["updated_at", "2020-05-04 17:57:54.879976"]]
  ↳ bin/rails:9
  [1m[35m (0.5ms)[0m  [1m[35mCOMMIT[0m
  ↳ bin/rails:9
  [1m[35m (0.3ms)[0m  [1m[34mSELECT pg_advisory_unlock(8004222036087932970)[0m
  ↳ bin/rails:9
  [1m[35m (1.1ms)[0m  [1m[34mSELECT "schema_migrations"."version" FROM "schema_migrations" ORDER BY "schema_migrations"."version" ASC[0m
  ↳ bin/rails:9
  [1m[35m (0.2ms)[0m  [1m[34mSELECT pg_try_advisory_lock(8004222036087932970)[0m
  ↳ bin/rails:9
  [1m[35m (1.8ms)[0m  [1m[34mSELECT "schema_migrations"."version" FROM "schema_migrations" ORDER BY "schema_migrations"."version" ASC[0m
  ↳ bin/rails:9
Migrating to CreateCustomers (20200504180117)
  [1m[35m (0.2ms)[0m  [1m[35mBEGIN[0m
  ↳ bin/rails:9
  [1m[35m (11.9ms)[0m  [1m[35mCREATE TABLE "customers" ("id" bigserial primary key)[0m
  ↳ db/migrate/20200504180117_create_customers.rb:3
  [1m[36mActiveRecord::SchemaMigration Create (1.0ms)[0m  [1m[32mINSERT INTO "schema_migrations" ("version") VALUES ($1) RETURNING "version"[0m  [["version", "20200504180117"]]
  ↳ bin/rails:9
  [1m[35m (5.0ms)[0m  [1m[35mCOMMIT[0m
  ↳ bin/rails:9
  [1m[36mActiveRecord::InternalMetadata Load (1.7ms)[0m  [1m[34mSELECT  "ar_internal_metadata".* FROM "ar_internal_metadata" WHERE "ar_internal_metadata"."key" = $1 LIMIT $2[0m  [["key", "environment"], ["LIMIT", 1]]
  ↳ bin/rails:9
  [1m[35m (0.2ms)[0m  [1m[35mBEGIN[0m
  ↳ bin/rails:9
  [1m[35m (0.2ms)[0m  [1m[35mCOMMIT[0m
  ↳ bin/rails:9
  [1m[35m (0.4ms)[0m  [1m[34mSELECT pg_advisory_unlock(8004222036087932970)[0m
  ↳ bin/rails:9
  [1m[35m (0.3ms)[0m  [1m[34mSELECT "schema_migrations"."version" FROM "schema_migrations" ORDER BY "schema_migrations"."version" ASC[0m
  ↳ bin/rails:9
  [1m[35m (1.2ms)[0m  [1m[34mSELECT pg_try_advisory_lock(8004222036087932970)[0m
  ↳ bin/rails:9
  [1m[35m (2.5ms)[0m  [1m[34mSELECT "schema_migrations"."version" FROM "schema_migrations" ORDER BY "schema_migrations"."version" ASC[0m
  ↳ bin/rails:9
Migrating to CreateRestaurants (20200504180211)
  [1m[35m (0.7ms)[0m  [1m[35mBEGIN[0m
  ↳ bin/rails:9
  [1m[35m (26.8ms)[0m  [1m[35mCREATE TABLE "restaurants" ("id" bigserial primary key, "delivery_range" decimal NOT NULL)[0m
  ↳ db/migrate/20200504180211_create_restaurants.rb:3
  [1m[36mActiveRecord::SchemaMigration Create (1.7ms)[0m  [1m[32mINSERT INTO "schema_migrations" ("version") VALUES ($1) RETURNING "version"[0m  [["version", "20200504180211"]]
  ↳ bin/rails:9
  [1m[35m (3.2ms)[0m  [1m[35mCOMMIT[0m
  ↳ bin/rails:9
  [1m[36mActiveRecord::InternalMetadata Load (4.4ms)[0m  [1m[34mSELECT  "ar_internal_metadata".* FROM "ar_internal_metadata" WHERE "ar_internal_metadata"."key" = $1 LIMIT $2[0m  [["key", "environment"], ["LIMIT", 1]]
  ↳ bin/rails:9
  [1m[35m (0.2ms)[0m  [1m[35mBEGIN[0m
  ↳ bin/rails:9
  [1m[35m (0.2ms)[0m  [1m[35mCOMMIT[0m
  ↳ bin/rails:9
  [1m[35m (0.4ms)[0m  [1m[34mSELECT pg_advisory_unlock(8004222036087932970)[0m
  ↳ bin/rails:9
  [1m[35m (0.6ms)[0m  [1m[34mSELECT "schema_migrations"."version" FROM "schema_migrations" ORDER BY "schema_migrations"."version" ASC[0m
  ↳ bin/rails:9
  [1m[35m (1.6ms)[0m  [1m[34mSELECT pg_try_advisory_lock(8004222036087932970)[0m
  ↳ bin/rails:9
  [1m[35m (6.3ms)[0m  [1m[34mSELECT "schema_migrations"."version" FROM "schema_migrations" ORDER BY "schema_migrations"."version" ASC[0m
  ↳ bin/rails:9
Migrating to CreateAddresses (20200504180708)
  [1m[35m (1.4ms)[0m  [1m[35mBEGIN[0m
  ↳ bin/rails:9
  [1m[35m (41.9ms)[0m  [1m[35mCREATE TABLE "addresses" ("id" bigserial primary key, "line1" character varying NOT NULL, "line2" character varying, "city" character varying NOT NULL, "state" character varying NOT NULL, "country" character varying NOT NULL, "zipcode" integer NOT NULL, "user_id" bigint)[0m
  ↳ db/migrate/20200504180708_create_addresses.rb:3
  [1m[35m (1.2ms)[0m  [1m[35mCREATE  INDEX  "index_addresses_on_user_id" ON "addresses"  ("user_id")[0m
  ↳ db/migrate/20200504180708_create_addresses.rb:3
  [1m[36mActiveRecord::SchemaMigration Create (0.7ms)[0m  [1m[32mINSERT INTO "schema_migrations" ("version") VALUES ($1) RETURNING "version"[0m  [["version", "20200504180708"]]
  ↳ bin/rails:9
  [1m[35m (4.3ms)[0m  [1m[35mCOMMIT[0m
  ↳ bin/rails:9
  [1m[36mActiveRecord::InternalMetadata Load (2.4ms)[0m  [1m[34mSELECT  "ar_internal_metadata".* FROM "ar_internal_metadata" WHERE "ar_internal_metadata"."key" = $1 LIMIT $2[0m  [["key", "environment"], ["LIMIT", 1]]
  ↳ bin/rails:9
  [1m[35m (0.2ms)[0m  [1m[35mBEGIN[0m
  ↳ bin/rails:9
  [1m[35m (0.1ms)[0m  [1m[35mCOMMIT[0m
  ↳ bin/rails:9
  [1m[35m (0.3ms)[0m  [1m[34mSELECT pg_advisory_unlock(8004222036087932970)[0m
  ↳ bin/rails:9
  [1m[35m (0.4ms)[0m  [1m[34mSELECT "schema_migrations"."version" FROM "schema_migrations" ORDER BY "schema_migrations"."version" ASC[0m
  ↳ bin/rails:9
  [1m[35m (1.3ms)[0m  [1m[34mSELECT pg_try_advisory_lock(8004222036087932970)[0m
  ↳ bin/rails:9
  [1m[35m (4.9ms)[0m  [1m[34mSELECT "schema_migrations"."version" FROM "schema_migrations" ORDER BY "schema_migrations"."version" ASC[0m
  ↳ bin/rails:9
Migrating to ChangeTableName (20200504182336)
  [1m[35m (1.1ms)[0m  [1m[35mBEGIN[0m
  ↳ bin/rails:9
  [1m[35m (8.8ms)[0m  [1m[35mALTER TABLE "customers" RENAME TO "consumers"[0m
  ↳ db/migrate/20200504182336_change_table_name.rb:3
  [1m[35m (1.8ms)[0m  [1m[35mALTER INDEX "customers_pkey" RENAME TO "consumers_pkey"[0m
  ↳ db/migrate/20200504182336_change_table_name.rb:3
  [1m[35m (0.6ms)[0m  [1m[35mALTER TABLE "public"."customers_id_seq" RENAME TO "consumers_id_seq"[0m
  ↳ db/migrate/20200504182336_change_table_name.rb:3
  [1m[36mActiveRecord::SchemaMigration Create (2.0ms)[0m  [1m[32mINSERT INTO "schema_migrations" ("version") VALUES ($1) RETURNING "version"[0m  [["version", "20200504182336"]]
  ↳ bin/rails:9
  [1m[35m (3.5ms)[0m  [1m[35mCOMMIT[0m
  ↳ bin/rails:9
  [1m[36mActiveRecord::InternalMetadata Load (2.6ms)[0m  [1m[34mSELECT  "ar_internal_metadata".* FROM "ar_internal_metadata" WHERE "ar_internal_metadata"."key" = $1 LIMIT $2[0m  [["key", "environment"], ["LIMIT", 1]]
  ↳ bin/rails:9
  [1m[35m (0.2ms)[0m  [1m[35mBEGIN[0m
  ↳ bin/rails:9
  [1m[35m (0.2ms)[0m  [1m[35mCOMMIT[0m
  ↳ bin/rails:9
  [1m[35m (0.3ms)[0m  [1m[34mSELECT pg_advisory_unlock(8004222036087932970)[0m
  ↳ bin/rails:9
  [1m[35m (0.4ms)[0m  [1m[34mSELECT "schema_migrations"."version" FROM "schema_migrations" ORDER BY "schema_migrations"."version" ASC[0m
  ↳ bin/rails:9
  [1m[35m (1.1ms)[0m  [1m[34mSELECT pg_try_advisory_lock(8004222036087932970)[0m
  ↳ bin/rails:9
  [1m[35m (3.6ms)[0m  [1m[34mSELECT "schema_migrations"."version" FROM "schema_migrations" ORDER BY "schema_migrations"."version" ASC[0m
  ↳ bin/rails:9
Migrating to ChangeColumn (20200505062916)
  [1m[35m (1.2ms)[0m  [1m[35mBEGIN[0m
  ↳ bin/rails:9
  [1m[35m (12.9ms)[0m  [1m[35mALTER TABLE "restaurants" ALTER COLUMN "delivery_range" TYPE decimal, ALTER COLUMN "delivery_range" SET NOT NULL[0m
  ↳ db/migrate/20200505062916_change_column.rb:3
  [1m[36mActiveRecord::SchemaMigration Create (3.4ms)[0m  [1m[32mINSERT INTO "schema_migrations" ("version") VALUES ($1) RETURNING "version"[0m  [["version", "20200505062916"]]
  ↳ bin/rails:9
  [1m[35m (3.4ms)[0m  [1m[35mCOMMIT[0m
  ↳ bin/rails:9
  [1m[36mActiveRecord::InternalMetadata Load (2.7ms)[0m  [1m[34mSELECT  "ar_internal_metadata".* FROM "ar_internal_metadata" WHERE "ar_internal_metadata"."key" = $1 LIMIT $2[0m  [["key", "environment"], ["LIMIT", 1]]
  ↳ bin/rails:9
  [1m[35m (0.2ms)[0m  [1m[35mBEGIN[0m
  ↳ bin/rails:9
  [1m[35m (0.1ms)[0m  [1m[35mCOMMIT[0m
  ↳ bin/rails:9
  [1m[35m (0.3ms)[0m  [1m[34mSELECT pg_advisory_unlock(8004222036087932970)[0m
  ↳ bin/rails:9
  [1m[35m (3.8ms)[0m  [1m[34mSELECT "schema_migrations"."version" FROM "schema_migrations" ORDER BY "schema_migrations"."version" ASC[0m
  ↳ bin/rails:9
  [1m[35m (0.3ms)[0m  [1m[34mSELECT pg_try_advisory_lock(8004222036087932970)[0m
  ↳ bin/rails:9
  [1m[35m (2.1ms)[0m  [1m[34mSELECT "schema_migrations"."version" FROM "schema_migrations" ORDER BY "schema_migrations"."version" ASC[0m
  ↳ bin/rails:9
  [1m[36mActiveRecord::InternalMetadata Load (1.9ms)[0m  [1m[34mSELECT  "ar_internal_metadata".* FROM "ar_internal_metadata" WHERE "ar_internal_metadata"."key" = $1 LIMIT $2[0m  [["key", "environment"], ["LIMIT", 1]]
  ↳ bin/rails:9
  [1m[35m (0.3ms)[0m  [1m[35mBEGIN[0m
  ↳ bin/rails:9
  [1m[35m (0.2ms)[0m  [1m[35mCOMMIT[0m
  ↳ bin/rails:9
  [1m[35m (0.4ms)[0m  [1m[34mSELECT pg_advisory_unlock(8004222036087932970)[0m
  ↳ bin/rails:9
  [1m[35m (0.5ms)[0m  [1m[34mSELECT "schema_migrations"."version" FROM "schema_migrations" ORDER BY "schema_migrations"."version" ASC[0m
  ↳ bin/rails:9
  [1m[35m (0.3ms)[0m  [1m[34mSELECT pg_try_advisory_lock(8004222036087932970)[0m
  ↳ bin/rails:9
  [1m[35m (2.4ms)[0m  [1m[34mSELECT "schema_migrations"."version" FROM "schema_migrations" ORDER BY "schema_migrations"."version" ASC[0m
  ↳ bin/rails:9
Migrating to ChangeColumnType (20200505063406)
  [1m[35m (0.2ms)[0m  [1m[35mBEGIN[0m
  ↳ bin/rails:9
  [1m[35m (3.5ms)[0m  [1m[35mALTER TABLE "restaurants" ALTER COLUMN "delivery_range" TYPE decimal, ALTER COLUMN "delivery_range" DROP NOT NULL[0m
  ↳ db/migrate/20200505063406_change_column_type.rb:3
  [1m[36mActiveRecord::SchemaMigration Create (0.6ms)[0m  [1m[32mINSERT INTO "schema_migrations" ("version") VALUES ($1) RETURNING "version"[0m  [["version", "20200505063406"]]
  ↳ bin/rails:9
  [1m[35m (2.5ms)[0m  [1m[35mCOMMIT[0m
  ↳ bin/rails:9
  [1m[36mActiveRecord::InternalMetadata Load (1.3ms)[0m  [1m[34mSELECT  "ar_internal_metadata".* FROM "ar_internal_metadata" WHERE "ar_internal_metadata"."key" = $1 LIMIT $2[0m  [["key", "environment"], ["LIMIT", 1]]
  ↳ bin/rails:9
  [1m[35m (0.2ms)[0m  [1m[35mBEGIN[0m
  ↳ bin/rails:9
  [1m[35m (0.1ms)[0m  [1m[35mCOMMIT[0m
  ↳ bin/rails:9
  [1m[35m (0.3ms)[0m  [1m[34mSELECT pg_advisory_unlock(8004222036087932970)[0m
  ↳ bin/rails:9
  [1m[35m (0.4ms)[0m  [1m[34mSELECT "schema_migrations"."version" FROM "schema_migrations" ORDER BY "schema_migrations"."version" ASC[0m
  ↳ bin/rails:9
  [1m[35m (0.4ms)[0m  [1m[34mSELECT pg_try_advisory_lock(8004222036087932970)[0m
  ↳ bin/rails:9
  [1m[35m (1.7ms)[0m  [1m[34mSELECT "schema_migrations"."version" FROM "schema_migrations" ORDER BY "schema_migrations"."version" ASC[0m
  ↳ bin/rails:9
  [1m[36mActiveRecord::InternalMetadata Load (1.3ms)[0m  [1m[34mSELECT  "ar_internal_metadata".* FROM "ar_internal_metadata" WHERE "ar_internal_metadata"."key" = $1 LIMIT $2[0m  [["key", "environment"], ["LIMIT", 1]]
  ↳ bin/rails:9
  [1m[35m (0.2ms)[0m  [1m[35mBEGIN[0m
  ↳ bin/rails:9
  [1m[35m (0.2ms)[0m  [1m[35mCOMMIT[0m
  ↳ bin/rails:9
  [1m[35m (0.4ms)[0m  [1m[34mSELECT pg_advisory_unlock(8004222036087932970)[0m
  ↳ bin/rails:9
  [1m[35m (0.3ms)[0m  [1m[34mSELECT "schema_migrations"."version" FROM "schema_migrations" ORDER BY "schema_migrations"."version" ASC[0m
  ↳ bin/rails:9
  [1m[35m (0.3ms)[0m  [1m[34mSELECT pg_try_advisory_lock(8004222036087932970)[0m
  ↳ bin/rails:9
  [1m[35m (2.4ms)[0m  [1m[34mSELECT "schema_migrations"."version" FROM "schema_migrations" ORDER BY "schema_migrations"."version" ASC[0m
  ↳ bin/rails:9
Migrating to AddColumn (20200505063513)
  [1m[35m (0.2ms)[0m  [1m[35mBEGIN[0m
  ↳ bin/rails:9
  [1m[35m (4.7ms)[0m  [1m[35mALTER TABLE "users" ADD "contact_no" integer[0m
  ↳ db/migrate/20200505063513_add_column.rb:3
  [1m[36mActiveRecord::SchemaMigration Create (0.5ms)[0m  [1m[32mINSERT INTO "schema_migrations" ("version") VALUES ($1) RETURNING "version"[0m  [["version", "20200505063513"]]
  ↳ bin/rails:9
  [1m[35m (1.9ms)[0m  [1m[35mCOMMIT[0m
  ↳ bin/rails:9
  [1m[36mActiveRecord::InternalMetadata Load (1.4ms)[0m  [1m[34mSELECT  "ar_internal_metadata".* FROM "ar_internal_metadata" WHERE "ar_internal_metadata"."key" = $1 LIMIT $2[0m  [["key", "environment"], ["LIMIT", 1]]
  ↳ bin/rails:9
  [1m[35m (0.3ms)[0m  [1m[35mBEGIN[0m
  ↳ bin/rails:9
  [1m[35m (0.2ms)[0m  [1m[35mCOMMIT[0m
  ↳ bin/rails:9
  [1m[35m (0.3ms)[0m  [1m[34mSELECT pg_advisory_unlock(8004222036087932970)[0m
  ↳ bin/rails:9
  [1m[35m (0.6ms)[0m  [1m[34mSELECT "schema_migrations"."version" FROM "schema_migrations" ORDER BY "schema_migrations"."version" ASC[0m
  ↳ bin/rails:9
Started POST "/api/user?name=Meenakshi&email=abhi@codeanand.com&password_digest=[FILTERED]&type=C&line1=778,%20Praderia%20Cir&city=Fremont&state=CA&country=USA" for ::1 at 2020-05-05 00:06:05 -0700
  [1m[35m (3.6ms)[0m  [1m[34mSELECT "schema_migrations"."version" FROM "schema_migrations" ORDER BY "schema_migrations"."version" ASC[0m
  ↳ /Users/meenakshianand/.rbenv/versions/2.5.1/lib/ruby/gems/2.5.0/gems/activerecord-5.2.4.2/lib/active_record/log_subscriber.rb:98
Processing by Api::UsersController#create as JSON
  Parameters: {"name"=>"Meenakshi", "email"=>"abhi@codeanand.com", "password_digest"=>"[FILTERED]", "type"=>"C", "line1"=>"778, Praderia Cir", "city"=>"Fremont", "state"=>"CA", "country"=>"USA"}
Can't verify CSRF token authenticity.
Completed 422 Unprocessable Entity in 1ms (ActiveRecord: 0.0ms)



ActionController::InvalidAuthenticityToken - ActionController::InvalidAuthenticityToken:

Started POST "/api/user?name=Meenakshi&email=abhi@codeanand.com&password_digest=[FILTERED]&type=C&line1=778,%20Praderia%20Cir&city=Fremont&state=CA&country=USA" for ::1 at 2020-05-05 00:17:11 -0700
  [1m[35m (7.1ms)[0m  [1m[34mSELECT "schema_migrations"."version" FROM "schema_migrations" ORDER BY "schema_migrations"."version" ASC[0m
  ↳ /Users/meenakshianand/.rbenv/versions/2.5.1/lib/ruby/gems/2.5.0/gems/activerecord-5.2.4.2/lib/active_record/log_subscriber.rb:98
Processing by Api::UsersController#create as JSON
  Parameters: {"name"=>"Meenakshi", "email"=>"abhi@codeanand.com", "password_digest"=>"[FILTERED]", "type"=>"C", "line1"=>"778, Praderia Cir", "city"=>"Fremont", "state"=>"CA", "country"=>"USA"}
Can't verify CSRF token authenticity.
Completed 422 Unprocessable Entity in 39ms (ActiveRecord: 0.0ms)



ActionController::InvalidAuthenticityToken - ActionController::InvalidAuthenticityToken:

Started POST "/api/user?name=Meenakshi&email=abhi@codeanand.com&password_digest=[FILTERED]&type=C&line1=778,%20Praderia%20Cir&city=Fremont&state=CA&country=USA" for ::1 at 2020-05-05 00:17:16 -0700
Processing by Api::UsersController#create as JSON
  Parameters: {"name"=>"Meenakshi", "email"=>"abhi@codeanand.com", "password_digest"=>"[FILTERED]", "type"=>"C", "line1"=>"778, Praderia Cir", "city"=>"Fremont", "state"=>"CA", "country"=>"USA"}
Can't verify CSRF token authenticity.
Completed 422 Unprocessable Entity in 4ms (ActiveRecord: 0.0ms)



ActionController::InvalidAuthenticityToken - ActionController::InvalidAuthenticityToken:

Started POST "/" for ::1 at 2020-05-05 00:21:34 -0700
  
ActionController::RoutingError (No route matches [POST] "/"):
  
actionpack (5.2.4.2) lib/action_dispatch/middleware/debug_exceptions.rb:65:in `call'
web-console (3.7.0) lib/web_console/middleware.rb:135:in `call_app'
web-console (3.7.0) lib/web_console/middleware.rb:30:in `block in call'
web-console (3.7.0) lib/web_console/middleware.rb:20:in `catch'
web-console (3.7.0) lib/web_console/middleware.rb:20:in `call'
actionpack (5.2.4.2) lib/action_dispatch/middleware/show_exceptions.rb:33:in `call'
railties (5.2.4.2) lib/rails/rack/logger.rb:38:in `call_app'
railties (5.2.4.2) lib/rails/rack/logger.rb:26:in `block in call'
activesupport (5.2.4.2) lib/active_support/tagged_logging.rb:71:in `block in tagged'
activesupport (5.2.4.2) lib/active_support/tagged_logging.rb:28:in `tagged'
activesupport (5.2.4.2) lib/active_support/tagged_logging.rb:71:in `tagged'
railties (5.2.4.2) lib/rails/rack/logger.rb:26:in `call'
sprockets-rails (3.2.1) lib/sprockets/rails/quiet_assets.rb:13:in `call'
actionpack (5.2.4.2) lib/action_dispatch/middleware/remote_ip.rb:81:in `call'
actionpack (5.2.4.2) lib/action_dispatch/middleware/request_id.rb:27:in `call'
rack (2.2.2) lib/rack/method_override.rb:24:in `call'
rack (2.2.2) lib/rack/runtime.rb:22:in `call'
activesupport (5.2.4.2) lib/active_support/cache/strategy/local_cache_middleware.rb:29:in `call'
actionpack (5.2.4.2) lib/action_dispatch/middleware/executor.rb:14:in `call'
actionpack (5.2.4.2) lib/action_dispatch/middleware/static.rb:127:in `call'
rack (2.2.2) lib/rack/sendfile.rb:110:in `call'
railties (5.2.4.2) lib/rails/engine.rb:524:in `call'
puma (3.12.4) lib/puma/configuration.rb:227:in `call'
puma (3.12.4) lib/puma/server.rb:675:in `handle_request'
puma (3.12.4) lib/puma/server.rb:476:in `process_client'
puma (3.12.4) lib/puma/server.rb:334:in `block in run'
puma (3.12.4) lib/puma/thread_pool.rb:135:in `block in spawn_thread'
  [1m[36mUser Load (13.7ms)[0m  [1m[34mSELECT "users".* FROM "users"[0m
  [1m[36mConsumer Load (2.0ms)[0m  [1m[34mSELECT "consumers".* FROM "consumers"[0m
Started POST "/?name=Meenakshi&email=abhi@codeanand.com&password_digest=[FILTERED]&type=C&line1=778,Praderia%20Cir&city=Fremont&state=CA&country=USA&zipcode=94539" for ::1 at 2020-05-05 00:35:42 -0700
  
ActionController::RoutingError (No route matches [POST] "/"):
  
actionpack (5.2.4.2) lib/action_dispatch/middleware/debug_exceptions.rb:65:in `call'
web-console (3.7.0) lib/web_console/middleware.rb:135:in `call_app'
web-console (3.7.0) lib/web_console/middleware.rb:30:in `block in call'
web-console (3.7.0) lib/web_console/middleware.rb:20:in `catch'
web-console (3.7.0) lib/web_console/middleware.rb:20:in `call'
actionpack (5.2.4.2) lib/action_dispatch/middleware/show_exceptions.rb:33:in `call'
railties (5.2.4.2) lib/rails/rack/logger.rb:38:in `call_app'
railties (5.2.4.2) lib/rails/rack/logger.rb:26:in `block in call'
activesupport (5.2.4.2) lib/active_support/tagged_logging.rb:71:in `block in tagged'
activesupport (5.2.4.2) lib/active_support/tagged_logging.rb:28:in `tagged'
activesupport (5.2.4.2) lib/active_support/tagged_logging.rb:71:in `tagged'
railties (5.2.4.2) lib/rails/rack/logger.rb:26:in `call'
sprockets-rails (3.2.1) lib/sprockets/rails/quiet_assets.rb:13:in `call'
actionpack (5.2.4.2) lib/action_dispatch/middleware/remote_ip.rb:81:in `call'
actionpack (5.2.4.2) lib/action_dispatch/middleware/request_id.rb:27:in `call'
rack (2.2.2) lib/rack/method_override.rb:24:in `call'
rack (2.2.2) lib/rack/runtime.rb:22:in `call'
activesupport (5.2.4.2) lib/active_support/cache/strategy/local_cache_middleware.rb:29:in `call'
actionpack (5.2.4.2) lib/action_dispatch/middleware/executor.rb:14:in `call'
actionpack (5.2.4.2) lib/action_dispatch/middleware/static.rb:127:in `call'
rack (2.2.2) lib/rack/sendfile.rb:110:in `call'
railties (5.2.4.2) lib/rails/engine.rb:524:in `call'
puma (3.12.4) lib/puma/configuration.rb:227:in `call'
puma (3.12.4) lib/puma/server.rb:675:in `handle_request'
puma (3.12.4) lib/puma/server.rb:476:in `process_client'
puma (3.12.4) lib/puma/server.rb:334:in `block in run'
puma (3.12.4) lib/puma/thread_pool.rb:135:in `block in spawn_thread'
Started POST "/api/user?name=Meenakshi&email=abhi@codeanand.com&password_digest=[FILTERED]&type=C&line1=778,Praderia%20Cir&city=Fremont&state=CA&country=USA&zipcode=94539" for ::1 at 2020-05-05 00:36:13 -0700
Processing by Api::UsersController#create as JSON
  Parameters: {"name"=>"Meenakshi", "email"=>"abhi@codeanand.com", "password_digest"=>"[FILTERED]", "type"=>"C", "line1"=>"778,Praderia Cir", "city"=>"Fremont", "state"=>"CA", "country"=>"USA", "zipcode"=>"94539"}
Can't verify CSRF token authenticity.
Completed 422 Unprocessable Entity in 2ms (ActiveRecord: 0.0ms)



ActionController::InvalidAuthenticityToken - ActionController::InvalidAuthenticityToken:

Started POST "/api/user?name=Meenakshi&email=abhi@codeanand.com&password_digest=[FILTERED]&type=C&line1=778,Praderia%20Cir&city=Fremont&state=CA&country=USA&zipcode=94539" for ::1 at 2020-05-05 00:38:10 -0700
  [1m[35m (3.9ms)[0m  [1m[34mSELECT "schema_migrations"."version" FROM "schema_migrations" ORDER BY "schema_migrations"."version" ASC[0m
  ↳ /Users/meenakshianand/.rbenv/versions/2.5.1/lib/ruby/gems/2.5.0/gems/activerecord-5.2.4.2/lib/active_record/log_subscriber.rb:98
Processing by Api::UsersController#create as JSON
  Parameters: {"name"=>"Meenakshi", "email"=>"abhi@codeanand.com", "password_digest"=>"[FILTERED]", "type"=>"C", "line1"=>"778,Praderia Cir", "city"=>"Fremont", "state"=>"CA", "country"=>"USA", "zipcode"=>"94539"}
Can't verify CSRF token authenticity.
Completed 400 Bad Request in 51ms (ActiveRecord: 14.7ms)



ActionController::ParameterMissing - param is missing or the value is empty: user:
  app/controllers/api/users_controller.rb:27:in `user_params'
  app/controllers/api/users_controller.rb:11:in `create'

Started POST "/api/user?name=Meenakshi&email=abhi@codeanand.com&password_digest=[FILTERED]&type=C&line1=778,Praderia%20Cir&city=Fremont&state=CA&country=USA&zipcode=94539&contact_no=4159102486" for ::1 at 2020-05-05 00:38:53 -0700
Processing by Api::UsersController#create as JSON
  Parameters: {"name"=>"Meenakshi", "email"=>"abhi@codeanand.com", "password_digest"=>"[FILTERED]", "type"=>"C", "line1"=>"778,Praderia Cir", "city"=>"Fremont", "state"=>"CA", "country"=>"USA", "zipcode"=>"94539", "contact_no"=>"4159102486"}
Can't verify CSRF token authenticity.
Completed 400 Bad Request in 3ms (ActiveRecord: 0.0ms)



ActionController::ParameterMissing - param is missing or the value is empty: user:
  app/controllers/api/users_controller.rb:27:in `user_params'
  app/controllers/api/users_controller.rb:11:in `create'

Started POST "/api/user?name=Meenakshi&email=abhi@codeanand.com&password_digest=[FILTERED]&type=C&line1=778,Praderia%20Cir&city=Fremont&state=CA&country=USA&zipcode=94539&contact_no=4159102486" for ::1 at 2020-05-05 00:40:32 -0700
  [1m[35m (4.3ms)[0m  [1m[34mSELECT "schema_migrations"."version" FROM "schema_migrations" ORDER BY "schema_migrations"."version" ASC[0m
  ↳ /Users/meenakshianand/.rbenv/versions/2.5.1/lib/ruby/gems/2.5.0/gems/activerecord-5.2.4.2/lib/active_record/log_subscriber.rb:98
Processing by Api::UsersController#create as JSON
  Parameters: {"name"=>"Meenakshi", "email"=>"abhi@codeanand.com", "password_digest"=>"[FILTERED]", "type"=>"C", "line1"=>"778,Praderia Cir", "city"=>"Fremont", "state"=>"CA", "country"=>"USA", "zipcode"=>"94539", "contact_no"=>"4159102486"}
Can't verify CSRF token authenticity.
Completed 400 Bad Request in 127ms (ActiveRecord: 23.2ms)



ActionController::ParameterMissing - param is missing or the value is empty: user:
  app/controllers/api/users_controller.rb:27:in `user_params'
  app/controllers/api/users_controller.rb:11:in `create'

Started POST "/api/user?name=Meenakshi&email=abhi@codeanand.com&password_digest=[FILTERED]&type=C&line1=778,Praderia%20Cir&city=Fremont&state=CA&country=USA&zipcode=94539&contact_no=4159102486&line2=null" for ::1 at 2020-05-05 00:42:21 -0700
Processing by Api::UsersController#create as JSON
  Parameters: {"name"=>"Meenakshi", "email"=>"abhi@codeanand.com", "password_digest"=>"[FILTERED]", "type"=>"C", "line1"=>"778,Praderia Cir", "city"=>"Fremont", "state"=>"CA", "country"=>"USA", "zipcode"=>"94539", "contact_no"=>"4159102486", "line2"=>"null"}
Can't verify CSRF token authenticity.
Completed 400 Bad Request in 6ms (ActiveRecord: 0.0ms)



ActionController::ParameterMissing - param is missing or the value is empty: user:
  app/controllers/api/users_controller.rb:27:in `user_params'
  app/controllers/api/users_controller.rb:11:in `create'

Started POST "/api/user?name=Meenakshi&email=abhi@codeanand.com&password_digest=[FILTERED]&type=C&line1=778,Praderia%20Cir&city=Fremont&state=CA&country=USA&zipcode=94539&contact_no=4159102486&line2=null" for ::1 at 2020-05-05 00:43:08 -0700
Processing by Api::UsersController#create as JSON
  Parameters: {"name"=>"Meenakshi", "email"=>"abhi@codeanand.com", "password_digest"=>"[FILTERED]", "type"=>"C", "line1"=>"778,Praderia Cir", "city"=>"Fremont", "state"=>"CA", "country"=>"USA", "zipcode"=>"94539", "contact_no"=>"4159102486", "line2"=>"null"}
Can't verify CSRF token authenticity.
Completed 400 Bad Request in 10ms (ActiveRecord: 0.0ms)



ActionController::ParameterMissing - param is missing or the value is empty: user:
  app/controllers/api/users_controller.rb:27:in `user_params'
  app/controllers/api/users_controller.rb:11:in `create'

Started POST "/api/user?name=Meenakshi&email=abhi@codeanand.com&password_digest=[FILTERED]&type=C&line1=778,Praderia%20Cir&city=Fremont&state=CA&country=USA&zipcode=94539&contact_no=4159102486&line2=null" for ::1 at 2020-05-05 00:45:02 -0700
Processing by Api::UsersController#create as JSON
  Parameters: {"name"=>"Meenakshi", "email"=>"abhi@codeanand.com", "password_digest"=>"[FILTERED]", "type"=>"C", "line1"=>"778,Praderia Cir", "city"=>"Fremont", "state"=>"CA", "country"=>"USA", "zipcode"=>"94539", "contact_no"=>"4159102486", "line2"=>"null"}
Can't verify CSRF token authenticity.
Unpermitted parameters: :type, :line1, :city, :state, :country, :zipcode, :line2, :format
Completed 500 Internal Server Error in 60ms (ActiveRecord: 19.2ms)



ArgumentError - wrong number of arguments (given 2, expected 0..1):
  app/controllers/api/users_controller.rb:11:in `create'

Started POST "/api/user?name=Meenakshi&email=abhi@codeanand.com&password_digest=[FILTERED]&type=C&line1=778,Praderia%20Cir&city=Fremont&state=CA&country=USA&zipcode=94539&contact_no=4159102486&line2=null" for ::1 at 2020-05-05 00:45:44 -0700
Processing by Api::UsersController#create as JSON
  Parameters: {"name"=>"Meenakshi", "email"=>"abhi@codeanand.com", "password_digest"=>"[FILTERED]", "type"=>"C", "line1"=>"778,Praderia Cir", "city"=>"Fremont", "state"=>"CA", "country"=>"USA", "zipcode"=>"94539", "contact_no"=>"4159102486", "line2"=>"null"}
Can't verify CSRF token authenticity.
Unpermitted parameters: :type, :line1, :city, :state, :country, :zipcode, :line2, :format
Completed 500 Internal Server Error in 63ms (ActiveRecord: 22.8ms)



ArgumentError - wrong number of arguments (given 2, expected 0..1):
  app/controllers/api/users_controller.rb:11:in `create'

Started POST "/api/user?name=Meenakshi&email=abhi@codeanand.com&password_digest=[FILTERED]&type=C&line1=778,Praderia%20Cir&city=Fremont&state=CA&country=USA&zipcode=94539&contact_no=4159102486&line2=null" for ::1 at 2020-05-05 00:45:46 -0700
Processing by Api::UsersController#create as JSON
  Parameters: {"name"=>"Meenakshi", "email"=>"abhi@codeanand.com", "password_digest"=>"[FILTERED]", "type"=>"C", "line1"=>"778,Praderia Cir", "city"=>"Fremont", "state"=>"CA", "country"=>"USA", "zipcode"=>"94539", "contact_no"=>"4159102486", "line2"=>"null"}
Can't verify CSRF token authenticity.
Unpermitted parameters: :type, :line1, :city, :state, :country, :zipcode, :line2, :format
Completed 500 Internal Server Error in 4ms (ActiveRecord: 0.0ms)



ArgumentError - wrong number of arguments (given 2, expected 0..1):
  app/controllers/api/users_controller.rb:11:in `create'

Started POST "/api/user?name=Meenakshi&email=abhi@codeanand.com&password_digest=[FILTERED]&type=C&line1=778,Praderia%20Cir&city=Fremont&state=CA&country=USA&zipcode=94539&contact_no=4159102486&line2=null" for ::1 at 2020-05-05 00:50:17 -0700
Processing by Api::UsersController#create as JSON
  Parameters: {"name"=>"Meenakshi", "email"=>"abhi@codeanand.com", "password_digest"=>"[FILTERED]", "type"=>"C", "line1"=>"778,Praderia Cir", "city"=>"Fremont", "state"=>"CA", "country"=>"USA", "zipcode"=>"94539", "contact_no"=>"4159102486", "line2"=>"null"}
Can't verify CSRF token authenticity.
  [1m[35m (1.9ms)[0m  [1m[35mBEGIN[0m
  ↳ app/controllers/api/users_controller.rb:12
  [1m[36mUser Exists (9.6ms)[0m  [1m[34mSELECT  1 AS one FROM "users" WHERE "users"."email" = $1 LIMIT $2[0m  [["email", "abhi@codeanand.com"], ["LIMIT", 1]]
  ↳ app/controllers/api/users_controller.rb:12
  [1m[35m (6.9ms)[0m  [1m[31mROLLBACK[0m
  ↳ app/controllers/api/users_controller.rb:12
Completed 422 Unprocessable Entity in 614ms (Views: 11.7ms | ActiveRecord: 124.8ms)


Started POST "/api/user?name=Meenakshi&email=abhi@codeanand.com&password_digest=[FILTERED]&type=C&line1=778,Praderia%20Cir&city=Fremont&state=CA&country=USA&zipcode=94539&contact_no=4159102486&line2=null" for ::1 at 2020-05-05 00:51:14 -0700
Processing by Api::UsersController#create as JSON
  Parameters: {"name"=>"Meenakshi", "email"=>"abhi@codeanand.com", "password_digest"=>"[FILTERED]", "type"=>"C", "line1"=>"778,Praderia Cir", "city"=>"Fremont", "state"=>"CA", "country"=>"USA", "zipcode"=>"94539", "contact_no"=>"4159102486", "line2"=>"null"}
Can't verify CSRF token authenticity.
  [1m[35m (0.6ms)[0m  [1m[35mBEGIN[0m
  ↳ app/controllers/api/users_controller.rb:11
  [1m[36mConsumer Create (23.1ms)[0m  [1m[32mINSERT INTO "consumers" DEFAULT VALUES RETURNING "id"[0m
  ↳ app/controllers/api/users_controller.rb:11
  [1m[35m (3.9ms)[0m  [1m[35mCOMMIT[0m
  ↳ app/controllers/api/users_controller.rb:11
  [1m[35m (0.9ms)[0m  [1m[35mBEGIN[0m
  ↳ app/controllers/api/users_controller.rb:13
  [1m[36mUser Exists (1.5ms)[0m  [1m[34mSELECT  1 AS one FROM "users" WHERE "users"."email" = $1 LIMIT $2[0m  [["email", "abhi@codeanand.com"], ["LIMIT", 1]]
  ↳ app/controllers/api/users_controller.rb:13
  [1m[35m (0.6ms)[0m  [1m[31mROLLBACK[0m
  ↳ app/controllers/api/users_controller.rb:13
Completed 500 Internal Server Error in 191ms (ActiveRecord: 79.1ms)



NameError - uninitialized constant C:
  app/controllers/api/users_controller.rb:13:in `create'

Started POST "/api/user?name=Meenakshi&email=abhi@codeanand.com&password_digest=[FILTERED]&type=C&line1=778,Praderia%20Cir&city=Fremont&state=CA&country=USA&zipcode=94539&contact_no=4159102486&line2=null" for ::1 at 2020-05-05 00:52:34 -0700
Processing by Api::UsersController#create as JSON
  Parameters: {"name"=>"Meenakshi", "email"=>"abhi@codeanand.com", "password_digest"=>"[FILTERED]", "type"=>"C", "line1"=>"778,Praderia Cir", "city"=>"Fremont", "state"=>"CA", "country"=>"USA", "zipcode"=>"94539", "contact_no"=>"4159102486", "line2"=>"null"}
Can't verify CSRF token authenticity.
  [1m[35m (0.5ms)[0m  [1m[35mBEGIN[0m
  ↳ app/controllers/api/users_controller.rb:12
  [1m[36mConsumer Create (1.6ms)[0m  [1m[32mINSERT INTO "consumers" DEFAULT VALUES RETURNING "id"[0m
  ↳ app/controllers/api/users_controller.rb:12
  [1m[35m (2.3ms)[0m  [1m[35mCOMMIT[0m
  ↳ app/controllers/api/users_controller.rb:12
  [1m[35m (0.4ms)[0m  [1m[35mBEGIN[0m
  ↳ app/controllers/api/users_controller.rb:14
  [1m[36mUser Exists (1.4ms)[0m  [1m[34mSELECT  1 AS one FROM "users" WHERE "users"."email" = $1 LIMIT $2[0m  [["email", "abhi@codeanand.com"], ["LIMIT", 1]]
  ↳ app/controllers/api/users_controller.rb:14
  [1m[35m (0.5ms)[0m  [1m[31mROLLBACK[0m
  ↳ app/controllers/api/users_controller.rb:14
Completed 500 Internal Server Error in 123ms (ActiveRecord: 44.3ms)



NameError - uninitialized constant C:
  app/controllers/api/users_controller.rb:14:in `create'

Started POST "/api/user?name=Meenakshi&email=abhi@codeanand.com&password_digest=[FILTERED]&type=C&line1=778,Praderia%20Cir&city=Fremont&state=CA&country=USA&zipcode=94539&contact_no=4159102486&line2=null" for ::1 at 2020-05-05 00:54:24 -0700
Processing by Api::UsersController#create as JSON
  Parameters: {"name"=>"Meenakshi", "email"=>"abhi@codeanand.com", "password_digest"=>"[FILTERED]", "type"=>"C", "line1"=>"778,Praderia Cir", "city"=>"Fremont", "state"=>"CA", "country"=>"USA", "zipcode"=>"94539", "contact_no"=>"4159102486", "line2"=>"null"}
Can't verify CSRF token authenticity.
  [1m[35m (0.3ms)[0m  [1m[35mBEGIN[0m
  ↳ app/controllers/api/users_controller.rb:12
  [1m[36mConsumer Create (0.5ms)[0m  [1m[32mINSERT INTO "consumers" DEFAULT VALUES RETURNING "id"[0m
  ↳ app/controllers/api/users_controller.rb:12
  [1m[35m (0.5ms)[0m  [1m[35mCOMMIT[0m
  ↳ app/controllers/api/users_controller.rb:12
  [1m[35m (0.2ms)[0m  [1m[35mBEGIN[0m
  ↳ app/controllers/api/users_controller.rb:15
  [1m[36mUser Exists (0.6ms)[0m  [1m[34mSELECT  1 AS one FROM "users" WHERE "users"."email" = $1 LIMIT $2[0m  [["email", "abhi@codeanand.com"], ["LIMIT", 1]]
  ↳ app/controllers/api/users_controller.rb:15
  [1m[35m (0.2ms)[0m  [1m[31mROLLBACK[0m
  ↳ app/controllers/api/users_controller.rb:15
Completed 500 Internal Server Error in 43ms (ActiveRecord: 14.9ms)



NameError - uninitialized constant C:
  app/controllers/api/users_controller.rb:15:in `create'

Started POST "/api/user?name=Meenakshi&email=abhi@codeanand.com&password_digest=[FILTERED]&type=C&line1=778,Praderia%20Cir&city=Fremont&state=CA&country=USA&zipcode=94539&contact_no=4159102486&line2=null" for ::1 at 2020-05-05 00:57:37 -0700
Processing by Api::UsersController#create as JSON
  Parameters: {"name"=>"Meenakshi", "email"=>"abhi@codeanand.com", "password_digest"=>"[FILTERED]", "type"=>"C", "line1"=>"778,Praderia Cir", "city"=>"Fremont", "state"=>"CA", "country"=>"USA", "zipcode"=>"94539", "contact_no"=>"4159102486", "line2"=>"null"}
Can't verify CSRF token authenticity.
  [1m[35m (0.2ms)[0m  [1m[35mBEGIN[0m
  ↳ app/controllers/api/users_controller.rb:10
  [1m[36mConsumer Create (0.6ms)[0m  [1m[32mINSERT INTO "consumers" DEFAULT VALUES RETURNING "id"[0m
  ↳ app/controllers/api/users_controller.rb:10
  [1m[35m (0.7ms)[0m  [1m[35mCOMMIT[0m
  ↳ app/controllers/api/users_controller.rb:10
  [1m[35m (0.2ms)[0m  [1m[35mBEGIN[0m
  ↳ app/controllers/api/users_controller.rb:12
  [1m[36mUser Exists (0.6ms)[0m  [1m[34mSELECT  1 AS one FROM "users" WHERE "users"."email" = $1 LIMIT $2[0m  [["email", "abhi@codeanand.com"], ["LIMIT", 1]]
  ↳ app/controllers/api/users_controller.rb:12
  [1m[35m (0.3ms)[0m  [1m[31mROLLBACK[0m
  ↳ app/controllers/api/users_controller.rb:12
Completed 500 Internal Server Error in 47ms (ActiveRecord: 16.0ms)



NameError - uninitialized constant C:
  app/controllers/api/users_controller.rb:12:in `create'

Started POST "/api/user?name=Meenakshi&email=abhi@codeanand.com&password_digest=[FILTERED]&type=C&line1=778,Praderia%20Cir&city=Fremont&state=CA&country=USA&zipcode=94539&contact_no=4159102486&line2=null" for ::1 at 2020-05-05 00:57:39 -0700
Processing by Api::UsersController#create as JSON
  Parameters: {"name"=>"Meenakshi", "email"=>"abhi@codeanand.com", "password_digest"=>"[FILTERED]", "type"=>"C", "line1"=>"778,Praderia Cir", "city"=>"Fremont", "state"=>"CA", "country"=>"USA", "zipcode"=>"94539", "contact_no"=>"4159102486", "line2"=>"null"}
Can't verify CSRF token authenticity.
  [1m[35m (0.3ms)[0m  [1m[35mBEGIN[0m
  ↳ app/controllers/api/users_controller.rb:10
  [1m[36mConsumer Create (0.6ms)[0m  [1m[32mINSERT INTO "consumers" DEFAULT VALUES RETURNING "id"[0m
  ↳ app/controllers/api/users_controller.rb:10
  [1m[35m (0.5ms)[0m  [1m[35mCOMMIT[0m
  ↳ app/controllers/api/users_controller.rb:10
  [1m[35m (0.3ms)[0m  [1m[35mBEGIN[0m
  ↳ app/controllers/api/users_controller.rb:12
  [1m[36mUser Exists (0.6ms)[0m  [1m[34mSELECT  1 AS one FROM "users" WHERE "users"."email" = $1 LIMIT $2[0m  [["email", "abhi@codeanand.com"], ["LIMIT", 1]]
  ↳ app/controllers/api/users_controller.rb:12
  [1m[35m (0.4ms)[0m  [1m[31mROLLBACK[0m
  ↳ app/controllers/api/users_controller.rb:12
Completed 500 Internal Server Error in 13ms (ActiveRecord: 2.6ms)



NameError - uninitialized constant C:
  app/controllers/api/users_controller.rb:12:in `create'

Started POST "/api/user?name=Meenakshi&email=abhi@codeanand.com&password_digest=[FILTERED]&type=C&line1=778,Praderia%20Cir&city=Fremont&state=CA&country=USA&zipcode=94539&contact_no=4159102486&line2=null" for ::1 at 2020-05-05 00:58:10 -0700
Processing by Api::UsersController#create as JSON
  Parameters: {"name"=>"Meenakshi", "email"=>"abhi@codeanand.com", "password_digest"=>"[FILTERED]", "type"=>"C", "line1"=>"778,Praderia Cir", "city"=>"Fremont", "state"=>"CA", "country"=>"USA", "zipcode"=>"94539", "contact_no"=>"4159102486", "line2"=>"null"}
Can't verify CSRF token authenticity.
  [1m[35m (0.2ms)[0m  [1m[35mBEGIN[0m
  ↳ app/controllers/api/users_controller.rb:10
  [1m[36mConsumer Create (0.5ms)[0m  [1m[32mINSERT INTO "consumers" DEFAULT VALUES RETURNING "id"[0m
  ↳ app/controllers/api/users_controller.rb:10
  [1m[35m (0.6ms)[0m  [1m[35mCOMMIT[0m
  ↳ app/controllers/api/users_controller.rb:10
  [1m[35m (0.2ms)[0m  [1m[35mBEGIN[0m
  ↳ app/controllers/api/users_controller.rb:12
  [1m[36mUser Exists (0.5ms)[0m  [1m[34mSELECT  1 AS one FROM "users" WHERE "users"."email" = $1 LIMIT $2[0m  [["email", "abhi@codeanand.com"], ["LIMIT", 1]]
  ↳ app/controllers/api/users_controller.rb:12
  [1m[35m (0.2ms)[0m  [1m[31mROLLBACK[0m
  ↳ app/controllers/api/users_controller.rb:12
Completed 500 Internal Server Error in 46ms (ActiveRecord: 14.6ms)



NameError - uninitialized constant C:
  app/controllers/api/users_controller.rb:12:in `create'

  [1m[36mConsumer Load (4.1ms)[0m  [1m[34mSELECT "consumers".* FROM "consumers"[0m
  [1m[36mUser Load (0.7ms)[0m  [1m[34mSELECT "users".* FROM "users"[0m
  [1m[36mAddress Load (4.8ms)[0m  [1m[34mSELECT "addresses".* FROM "addresses"[0m
Started POST "/api/user?name=Meenakshi&email=abhi@codeanand.com&password_digest=[FILTERED]&type=C&line1=778,Praderia%20Cir&city=Fremont&state=CA&country=USA&zipcode=94539&contact_no=4159102486&line2=null" for ::1 at 2020-05-05 11:07:04 -0700
Processing by Api::UsersController#create as JSON
  Parameters: {"name"=>"Meenakshi", "email"=>"abhi@codeanand.com", "password_digest"=>"[FILTERED]", "type"=>"C", "line1"=>"778,Praderia Cir", "city"=>"Fremont", "state"=>"CA", "country"=>"USA", "zipcode"=>"94539", "contact_no"=>"4159102486", "line2"=>"null"}
Can't verify CSRF token authenticity.
  [1m[35m (0.2ms)[0m  [1m[35mBEGIN[0m
  ↳ app/controllers/api/users_controller.rb:10
  [1m[36mConsumer Create (0.8ms)[0m  [1m[32mINSERT INTO "consumers" DEFAULT VALUES RETURNING "id"[0m
  ↳ app/controllers/api/users_controller.rb:10
  [1m[35m (0.6ms)[0m  [1m[35mCOMMIT[0m
  ↳ app/controllers/api/users_controller.rb:10
  [1m[35m (0.2ms)[0m  [1m[35mBEGIN[0m
  ↳ app/controllers/api/users_controller.rb:12
  [1m[36mUser Exists (2.2ms)[0m  [1m[34mSELECT  1 AS one FROM "users" WHERE "users"."email" = $1 LIMIT $2[0m  [["email", "abhi@codeanand.com"], ["LIMIT", 1]]
  ↳ app/controllers/api/users_controller.rb:12
  [1m[35m (0.2ms)[0m  [1m[31mROLLBACK[0m
  ↳ app/controllers/api/users_controller.rb:12
Completed 422 Unprocessable Entity in 108ms (ActiveRecord: 29.9ms)



ActiveRecord::RecordInvalid - Validation failed: Entity must exist:
  app/controllers/api/users_controller.rb:12:in `create'

Started POST "/api/user?name=Meenakshi&email=abhi@codeanand.com&password_digest=[FILTERED]&type=R&line1=778,Praderia%20Cir&city=Fremont&state=CA&country=USA&zipcode=94539&contact_no=4159102486&line2=null" for ::1 at 2020-05-05 11:09:19 -0700
Processing by Api::UsersController#create as JSON
  Parameters: {"name"=>"Meenakshi", "email"=>"abhi@codeanand.com", "password_digest"=>"[FILTERED]", "type"=>"R", "line1"=>"778,Praderia Cir", "city"=>"Fremont", "state"=>"CA", "country"=>"USA", "zipcode"=>"94539", "contact_no"=>"4159102486", "line2"=>"null"}
Can't verify CSRF token authenticity.
  [1m[35m (0.2ms)[0m  [1m[35mBEGIN[0m
  ↳ app/controllers/api/users_controller.rb:10
  [1m[36mRestaurant Create (9.7ms)[0m  [1m[32mINSERT INTO "restaurants" DEFAULT VALUES RETURNING "id"[0m
  ↳ app/controllers/api/users_controller.rb:10
  [1m[35m (0.7ms)[0m  [1m[35mCOMMIT[0m
  ↳ app/controllers/api/users_controller.rb:10
  [1m[35m (0.5ms)[0m  [1m[35mBEGIN[0m
  ↳ app/controllers/api/users_controller.rb:12
  [1m[36mUser Exists (0.8ms)[0m  [1m[34mSELECT  1 AS one FROM "users" WHERE "users"."email" = $1 LIMIT $2[0m  [["email", "abhi@codeanand.com"], ["LIMIT", 1]]
  ↳ app/controllers/api/users_controller.rb:12
  [1m[35m (0.3ms)[0m  [1m[31mROLLBACK[0m
  ↳ app/controllers/api/users_controller.rb:12
Completed 422 Unprocessable Entity in 65ms (ActiveRecord: 21.6ms)



ActiveRecord::RecordInvalid - Validation failed: Entity must exist:
  app/controllers/api/users_controller.rb:12:in `create'

Started POST "/api/user?name=Meenakshi&email=abhi@codeanand.com&password_digest=[FILTERED]&type=R&line1=778,Praderia%20Cir&city=Fremont&state=CA&country=USA&zipcode=94539&contact_no=4159102486&line2=null" for ::1 at 2020-05-05 11:15:35 -0700
Processing by Api::UsersController#create as JSON
  Parameters: {"name"=>"Meenakshi", "email"=>"abhi@codeanand.com", "password_digest"=>"[FILTERED]", "type"=>"R", "line1"=>"778,Praderia Cir", "city"=>"Fremont", "state"=>"CA", "country"=>"USA", "zipcode"=>"94539", "contact_no"=>"4159102486", "line2"=>"null"}
Can't verify CSRF token authenticity.
  [1m[35m (0.2ms)[0m  [1m[35mBEGIN[0m
  ↳ app/controllers/api/users_controller.rb:10
  [1m[36mRestaurant Create (1.2ms)[0m  [1m[32mINSERT INTO "restaurants" DEFAULT VALUES RETURNING "id"[0m
  ↳ app/controllers/api/users_controller.rb:10
  [1m[35m (0.7ms)[0m  [1m[35mCOMMIT[0m
  ↳ app/controllers/api/users_controller.rb:10
  [1m[35m (0.2ms)[0m  [1m[35mBEGIN[0m
  ↳ app/controllers/api/users_controller.rb:12
  [1m[36mUser Exists (2.5ms)[0m  [1m[34mSELECT  1 AS one FROM "users" WHERE "users"."email" = $1 LIMIT $2[0m  [["email", "abhi@codeanand.com"], ["LIMIT", 1]]
  ↳ app/controllers/api/users_controller.rb:12
  [1m[35m (0.3ms)[0m  [1m[31mROLLBACK[0m
  ↳ app/controllers/api/users_controller.rb:12
Completed 500 Internal Server Error in 61ms (ActiveRecord: 29.9ms)



NameError - uninitialized constant R:
  app/controllers/api/users_controller.rb:12:in `create'

Started POST "/api/user?name=Meenakshi&email=abhi@codeanand.com&password_digest=[FILTERED]&type=Restaurant&line1=778,Praderia%20Cir&city=Fremont&state=CA&country=USA&zipcode=94539&contact_no=4159102486&line2=null" for ::1 at 2020-05-05 11:16:11 -0700
Processing by Api::UsersController#create as JSON
  Parameters: {"name"=>"Meenakshi", "email"=>"abhi@codeanand.com", "password_digest"=>"[FILTERED]", "type"=>"Restaurant", "line1"=>"778,Praderia Cir", "city"=>"Fremont", "state"=>"CA", "country"=>"USA", "zipcode"=>"94539", "contact_no"=>"4159102486", "line2"=>"null"}
Can't verify CSRF token authenticity.
  [1m[35m (0.3ms)[0m  [1m[35mBEGIN[0m
  ↳ app/controllers/api/users_controller.rb:10
  [1m[36mRestaurant Create (0.4ms)[0m  [1m[32mINSERT INTO "restaurants" DEFAULT VALUES RETURNING "id"[0m
  ↳ app/controllers/api/users_controller.rb:10
  [1m[35m (0.8ms)[0m  [1m[35mCOMMIT[0m
  ↳ app/controllers/api/users_controller.rb:10
  [1m[35m (0.2ms)[0m  [1m[35mBEGIN[0m
  ↳ app/controllers/api/users_controller.rb:12
  [1m[36mUser Exists (0.6ms)[0m  [1m[34mSELECT  1 AS one FROM "users" WHERE "users"."email" = $1 LIMIT $2[0m  [["email", "abhi@codeanand.com"], ["LIMIT", 1]]
  ↳ app/controllers/api/users_controller.rb:12
  [1m[36mRestaurant Load (1.8ms)[0m  [1m[34mSELECT  "restaurants".* FROM "restaurants" WHERE "restaurants"."id" = $1 LIMIT $2[0m  [["id", 3], ["LIMIT", 1]]
  ↳ app/controllers/api/users_controller.rb:12
  [1m[35m (0.3ms)[0m  [1m[31mROLLBACK[0m
  ↳ app/controllers/api/users_controller.rb:12
Completed 500 Internal Server Error in 93ms (ActiveRecord: 17.9ms)



ActiveModel::RangeError - 4159102486 is out of range for ActiveModel::Type::Integer with limit 4 bytes:
  app/controllers/api/users_controller.rb:12:in `create'

Started POST "/api/user?name=Meenakshi&email=abhi@codeanand.com&password_digest=[FILTERED]&type=Restaurant&line1=778,Praderia%20Cir&city=Fremont&state=CA&country=USA&zipcode=94539&contact_no=415&line2=null" for ::1 at 2020-05-05 11:16:32 -0700
Processing by Api::UsersController#create as JSON
  Parameters: {"name"=>"Meenakshi", "email"=>"abhi@codeanand.com", "password_digest"=>"[FILTERED]", "type"=>"Restaurant", "line1"=>"778,Praderia Cir", "city"=>"Fremont", "state"=>"CA", "country"=>"USA", "zipcode"=>"94539", "contact_no"=>"415", "line2"=>"null"}
Can't verify CSRF token authenticity.
  [1m[35m (0.2ms)[0m  [1m[35mBEGIN[0m
  ↳ app/controllers/api/users_controller.rb:10
  [1m[36mRestaurant Create (0.7ms)[0m  [1m[32mINSERT INTO "restaurants" DEFAULT VALUES RETURNING "id"[0m
  ↳ app/controllers/api/users_controller.rb:10
  [1m[35m (0.6ms)[0m  [1m[35mCOMMIT[0m
  ↳ app/controllers/api/users_controller.rb:10
  [1m[35m (0.2ms)[0m  [1m[35mBEGIN[0m
  ↳ app/controllers/api/users_controller.rb:12
  [1m[36mUser Exists (0.7ms)[0m  [1m[34mSELECT  1 AS one FROM "users" WHERE "users"."email" = $1 LIMIT $2[0m  [["email", "abhi@codeanand.com"], ["LIMIT", 1]]
  ↳ app/controllers/api/users_controller.rb:12
  [1m[36mRestaurant Load (0.6ms)[0m  [1m[34mSELECT  "restaurants".* FROM "restaurants" WHERE "restaurants"."id" = $1 LIMIT $2[0m  [["id", 4], ["LIMIT", 1]]
  ↳ app/controllers/api/users_controller.rb:12
  [1m[36mUser Create (6.3ms)[0m  [1m[32mINSERT INTO "users" ("name", "email", "password_digest", "entity_type", "entity_id", "created_at", "updated_at", "contact_no") VALUES ($1, $2, $3, $4, $5, $6, $7, $8) RETURNING "id"[0m  [["name", "Meenakshi"], ["email", "abhi@codeanand.com"], ["password_digest", "testing"], ["entity_type", "Restaurant"], ["entity_id", 4], ["created_at", "2020-05-05 18:16:32.185217"], ["updated_at", "2020-05-05 18:16:32.185217"], ["contact_no", 415]]
  ↳ app/controllers/api/users_controller.rb:12
  [1m[35m (0.4ms)[0m  [1m[35mCOMMIT[0m
  ↳ app/controllers/api/users_controller.rb:12
  [1m[35m (0.7ms)[0m  [1m[35mBEGIN[0m
  ↳ app/controllers/api/users_controller.rb:14
  [1m[36mUser Load (0.9ms)[0m  [1m[34mSELECT  "users".* FROM "users" WHERE "users"."id" = $1 LIMIT $2[0m  [["id", 1], ["LIMIT", 1]]
  ↳ app/controllers/api/users_controller.rb:14
  [1m[36mAddress Create (5.5ms)[0m  [1m[32mINSERT INTO "addresses" ("line1", "line2", "city", "state", "country", "zipcode", "user_id") VALUES ($1, $2, $3, $4, $5, $6, $7) RETURNING "id"[0m  [["line1", "778,Praderia Cir"], ["line2", "null"], ["city", "Fremont"], ["state", "CA"], ["country", "USA"], ["zipcode", 94539], ["user_id", 1]]
  ↳ app/controllers/api/users_controller.rb:14
  [1m[35m (0.7ms)[0m  [1m[35mCOMMIT[0m
  ↳ app/controllers/api/users_controller.rb:14
Completed 500 Internal Server Error in 148ms (ActiveRecord: 23.1ms)



ActionView::MissingTemplate - Missing template api/users/welcome here, application/welcome here with {:locale=>[:en], :formats=>[:json], :variants=>[], :handlers=>[:raw, :erb, :html, :builder, :ruby, :coffee, :jbuilder]}. Searched in:
  * "/Users/meenakshianand/Desktop/Food-delivery-rails-app/food_delivery_rails_app/app/views"
:
  app/controllers/api/users_controller.rb:15:in `create'

  [1m[36mUser Load (2.6ms)[0m  [1m[34mSELECT "users".* FROM "users"[0m
Started POST "/api/user?name=Meenakshi&email=abhi@codeanand.com&password_digest=[FILTERED]&type=Restaurant&line1=778,Praderia%20Cir&city=Fremont&state=CA&country=USA&zipcode=94539&contact_no=415&line2=null" for ::1 at 2020-05-05 12:10:27 -0700
Processing by Api::UsersController#create as JSON
  Parameters: {"name"=>"Meenakshi", "email"=>"abhi@codeanand.com", "password_digest"=>"[FILTERED]", "type"=>"Restaurant", "line1"=>"778,Praderia Cir", "city"=>"Fremont", "state"=>"CA", "country"=>"USA", "zipcode"=>"94539", "contact_no"=>"415", "line2"=>"null"}
Can't verify CSRF token authenticity.
  [1m[35m (1.0ms)[0m  [1m[35mBEGIN[0m
  ↳ app/controllers/api/users_controller.rb:5
  [1m[36mRestaurant Create (8.1ms)[0m  [1m[32mINSERT INTO "restaurants" DEFAULT VALUES RETURNING "id"[0m
  ↳ app/controllers/api/users_controller.rb:5
  [1m[35m (3.5ms)[0m  [1m[35mCOMMIT[0m
  ↳ app/controllers/api/users_controller.rb:5
  [1m[35m (0.2ms)[0m  [1m[35mBEGIN[0m
  ↳ app/controllers/api/users_controller.rb:8
  [1m[36mUser Exists (4.7ms)[0m  [1m[34mSELECT  1 AS one FROM "users" WHERE "users"."email" = $1 LIMIT $2[0m  [["email", "abhi@codeanand.com"], ["LIMIT", 1]]
  ↳ app/controllers/api/users_controller.rb:8
  [1m[36mRestaurant Load (1.1ms)[0m  [1m[34mSELECT  "restaurants".* FROM "restaurants" WHERE "restaurants"."id" = $1 LIMIT $2[0m  [["id", 5], ["LIMIT", 1]]
  ↳ app/controllers/api/users_controller.rb:8
  [1m[35m (0.7ms)[0m  [1m[31mROLLBACK[0m
  ↳ app/controllers/api/users_controller.rb:8
Completed 422 Unprocessable Entity in 114ms (ActiveRecord: 60.8ms)



ActiveRecord::RecordInvalid - Validation failed: Email has already been taken:
  app/controllers/api/users_controller.rb:8:in `create'

Started POST "/api/user?name=Meenakshi&email=abhi@codeanand.com&password_digest=[FILTERED]&type=Restaurant&line1=778,Praderia%20Cir&city=Fremont&state=CA&country=USA&zipcode=94539&contact_no=415&line2=null" for ::1 at 2020-05-05 12:10:37 -0700
Processing by Api::UsersController#create as JSON
  Parameters: {"name"=>"Meenakshi", "email"=>"abhi@codeanand.com", "password_digest"=>"[FILTERED]", "type"=>"Restaurant", "line1"=>"778,Praderia Cir", "city"=>"Fremont", "state"=>"CA", "country"=>"USA", "zipcode"=>"94539", "contact_no"=>"415", "line2"=>"null"}
Can't verify CSRF token authenticity.
  [1m[35m (0.2ms)[0m  [1m[35mBEGIN[0m
  ↳ app/controllers/api/users_controller.rb:5
  [1m[36mRestaurant Create (1.0ms)[0m  [1m[32mINSERT INTO "restaurants" DEFAULT VALUES RETURNING "id"[0m
  ↳ app/controllers/api/users_controller.rb:5
  [1m[35m (0.4ms)[0m  [1m[35mCOMMIT[0m
  ↳ app/controllers/api/users_controller.rb:5
  [1m[35m (0.3ms)[0m  [1m[35mBEGIN[0m
  ↳ app/controllers/api/users_controller.rb:8
  [1m[36mUser Exists (0.7ms)[0m  [1m[34mSELECT  1 AS one FROM "users" WHERE "users"."email" = $1 LIMIT $2[0m  [["email", "abhi@codeanand.com"], ["LIMIT", 1]]
  ↳ app/controllers/api/users_controller.rb:8
  [1m[36mRestaurant Load (0.6ms)[0m  [1m[34mSELECT  "restaurants".* FROM "restaurants" WHERE "restaurants"."id" = $1 LIMIT $2[0m  [["id", 6], ["LIMIT", 1]]
  ↳ app/controllers/api/users_controller.rb:8
  [1m[35m (0.3ms)[0m  [1m[31mROLLBACK[0m
  ↳ app/controllers/api/users_controller.rb:8
Completed 422 Unprocessable Entity in 15ms (ActiveRecord: 3.6ms)



ActiveRecord::RecordInvalid - Validation failed: Email has already been taken:
  app/controllers/api/users_controller.rb:8:in `create'

Started POST "/api/user?name=Meenakshi&email=abhi@codeanand.com&password_digest=[FILTERED]&type=Restaurant&line1=778,Praderia%20Cir&city=Fremont&state=CA&country=USA&zipcode=94539&contact_no=415&line2=null" for ::1 at 2020-05-05 12:11:27 -0700
Processing by Api::UsersController#create as JSON
  Parameters: {"name"=>"Meenakshi", "email"=>"abhi@codeanand.com", "password_digest"=>"[FILTERED]", "type"=>"Restaurant", "line1"=>"778,Praderia Cir", "city"=>"Fremont", "state"=>"CA", "country"=>"USA", "zipcode"=>"94539", "contact_no"=>"415", "line2"=>"null"}
Can't verify CSRF token authenticity.
  [1m[35m (0.3ms)[0m  [1m[35mBEGIN[0m
  ↳ app/controllers/api/users_controller.rb:5
  [1m[36mRestaurant Create (0.6ms)[0m  [1m[32mINSERT INTO "restaurants" DEFAULT VALUES RETURNING "id"[0m
  ↳ app/controllers/api/users_controller.rb:5
  [1m[35m (1.2ms)[0m  [1m[35mCOMMIT[0m
  ↳ app/controllers/api/users_controller.rb:5
  [1m[35m (0.2ms)[0m  [1m[35mBEGIN[0m
  ↳ app/controllers/api/users_controller.rb:8
  [1m[36mUser Exists (0.5ms)[0m  [1m[34mSELECT  1 AS one FROM "users" WHERE "users"."email" = $1 LIMIT $2[0m  [["email", "abhi@codeanand.com"], ["LIMIT", 1]]
  ↳ app/controllers/api/users_controller.rb:8
  [1m[36mRestaurant Load (0.5ms)[0m  [1m[34mSELECT  "restaurants".* FROM "restaurants" WHERE "restaurants"."id" = $1 LIMIT $2[0m  [["id", 7], ["LIMIT", 1]]
  ↳ app/controllers/api/users_controller.rb:8
  [1m[35m (0.3ms)[0m  [1m[31mROLLBACK[0m
  ↳ app/controllers/api/users_controller.rb:8
Completed 422 Unprocessable Entity in 55ms (ActiveRecord: 18.2ms)



ActiveRecord::RecordInvalid - Validation failed: Email has already been taken:
  app/controllers/api/users_controller.rb:8:in `create'

Started POST "/api/user?name=Meenakshi1&email=abhi1@codeanand.com&password_digest=[FILTERED]&type=Restaurant&line1=778,Praderia%20Cir&city=Fremont&state=CA&country=USA&zipcode=94539&contact_no=415&line2=null" for ::1 at 2020-05-05 12:11:58 -0700
Processing by Api::UsersController#create as JSON
  Parameters: {"name"=>"Meenakshi1", "email"=>"abhi1@codeanand.com", "password_digest"=>"[FILTERED]", "type"=>"Restaurant", "line1"=>"778,Praderia Cir", "city"=>"Fremont", "state"=>"CA", "country"=>"USA", "zipcode"=>"94539", "contact_no"=>"415", "line2"=>"null"}
Can't verify CSRF token authenticity.
  [1m[35m (0.2ms)[0m  [1m[35mBEGIN[0m
  ↳ app/controllers/api/users_controller.rb:5
  [1m[36mRestaurant Create (0.5ms)[0m  [1m[32mINSERT INTO "restaurants" DEFAULT VALUES RETURNING "id"[0m
  ↳ app/controllers/api/users_controller.rb:5
  [1m[35m (0.5ms)[0m  [1m[35mCOMMIT[0m
  ↳ app/controllers/api/users_controller.rb:5
  [1m[35m (0.3ms)[0m  [1m[35mBEGIN[0m
  ↳ app/controllers/api/users_controller.rb:8
  [1m[36mUser Exists (0.8ms)[0m  [1m[34mSELECT  1 AS one FROM "users" WHERE "users"."email" = $1 LIMIT $2[0m  [["email", "abhi1@codeanand.com"], ["LIMIT", 1]]
  ↳ app/controllers/api/users_controller.rb:8
  [1m[36mRestaurant Load (0.7ms)[0m  [1m[34mSELECT  "restaurants".* FROM "restaurants" WHERE "restaurants"."id" = $1 LIMIT $2[0m  [["id", 8], ["LIMIT", 1]]
  ↳ app/controllers/api/users_controller.rb:8
  [1m[36mUser Create (4.0ms)[0m  [1m[32mINSERT INTO "users" ("name", "email", "password_digest", "entity_type", "entity_id", "created_at", "updated_at", "contact_no") VALUES ($1, $2, $3, $4, $5, $6, $7, $8) RETURNING "id"[0m  [["name", "Meenakshi1"], ["email", "abhi1@codeanand.com"], ["password_digest", "testing"], ["entity_type", "Restaurant"], ["entity_id", 8], ["created_at", "2020-05-05 19:11:58.403476"], ["updated_at", "2020-05-05 19:11:58.403476"], ["contact_no", 415]]
  ↳ app/controllers/api/users_controller.rb:8
  [1m[35m (0.5ms)[0m  [1m[35mCOMMIT[0m
  ↳ app/controllers/api/users_controller.rb:8
  [1m[35m (0.2ms)[0m  [1m[35mBEGIN[0m
  ↳ app/controllers/api/users_controller.rb:12
  [1m[36mUser Load (1.1ms)[0m  [1m[34mSELECT  "users".* FROM "users" WHERE "users"."id" = $1 LIMIT $2[0m  [["id", 2], ["LIMIT", 1]]
  ↳ app/controllers/api/users_controller.rb:12
  [1m[36mAddress Create (3.4ms)[0m  [1m[32mINSERT INTO "addresses" ("line1", "line2", "city", "state", "country", "zipcode", "user_id") VALUES ($1, $2, $3, $4, $5, $6, $7) RETURNING "id"[0m  [["line1", "778,Praderia Cir"], ["line2", "null"], ["city", "Fremont"], ["state", "CA"], ["country", "USA"], ["zipcode", 94539], ["user_id", 2]]
  ↳ app/controllers/api/users_controller.rb:12
  [1m[35m (0.5ms)[0m  [1m[35mCOMMIT[0m
  ↳ app/controllers/api/users_controller.rb:12
Completed 200 OK in 79ms (Views: 0.3ms | ActiveRecord: 20.0ms)


  [1m[35m (1.2ms)[0m  [1m[34mSELECT pg_try_advisory_lock(8004222036087932970)[0m
  ↳ bin/rails:9
  [1m[35m (2.6ms)[0m  [1m[34mSELECT "schema_migrations"."version" FROM "schema_migrations" ORDER BY "schema_migrations"."version" ASC[0m
  ↳ bin/rails:9
Migrating to CreateFoodItems (20200505191747)
  [1m[35m (1.3ms)[0m  [1m[35mBEGIN[0m
  ↳ bin/rails:9
  [1m[35m (41.9ms)[0m  [1m[35mCREATE TABLE "food_items" ("id" bigserial primary key, "name" character varying NOT NULL, "price" integer NOT NULL, "description" character varying, "restaurant_id" bigint)[0m
  ↳ db/migrate/20200505191747_create_food_items.rb:3
  [1m[35m (2.1ms)[0m  [1m[35mCREATE  INDEX  "index_food_items_on_restaurant_id" ON "food_items"  ("restaurant_id")[0m
  ↳ db/migrate/20200505191747_create_food_items.rb:3
  [1m[35m (5.1ms)[0m  [1m[35mCREATE UNIQUE INDEX  "index_users_on_name" ON "users"  ("name")[0m
  ↳ db/migrate/20200505191747_create_food_items.rb:9
  [1m[36mActiveRecord::SchemaMigration Create (1.5ms)[0m  [1m[32mINSERT INTO "schema_migrations" ("version") VALUES ($1) RETURNING "version"[0m  [["version", "20200505191747"]]
  ↳ bin/rails:9
  [1m[35m (4.6ms)[0m  [1m[35mCOMMIT[0m
  ↳ bin/rails:9
  [1m[36mActiveRecord::InternalMetadata Load (2.3ms)[0m  [1m[34mSELECT  "ar_internal_metadata".* FROM "ar_internal_metadata" WHERE "ar_internal_metadata"."key" = $1 LIMIT $2[0m  [["key", "environment"], ["LIMIT", 1]]
  ↳ bin/rails:9
  [1m[35m (0.2ms)[0m  [1m[35mBEGIN[0m
  ↳ bin/rails:9
  [1m[35m (0.1ms)[0m  [1m[35mCOMMIT[0m
  ↳ bin/rails:9
  [1m[35m (0.3ms)[0m  [1m[34mSELECT pg_advisory_unlock(8004222036087932970)[0m
  ↳ bin/rails:9
  [1m[35m (0.4ms)[0m  [1m[34mSELECT "schema_migrations"."version" FROM "schema_migrations" ORDER BY "schema_migrations"."version" ASC[0m
  ↳ bin/rails:9
  [1m[35m (4.0ms)[0m  [1m[34mSELECT "schema_migrations"."version" FROM "schema_migrations" ORDER BY "schema_migrations"."version" ASC[0m
  ↳ bin/rails:9
  [1m[35m (0.4ms)[0m  [1m[34mSELECT "schema_migrations"."version" FROM "schema_migrations" ORDER BY "schema_migrations"."version" ASC[0m
  ↳ bin/rails:9
  [1m[35m (0.3ms)[0m  [1m[34mSELECT "schema_migrations"."version" FROM "schema_migrations" ORDER BY "schema_migrations"."version" ASC[0m
  ↳ bin/rails:9
  [1m[35m (0.9ms)[0m  [1m[34mSELECT pg_try_advisory_lock(8004222036087932970)[0m
  ↳ bin/rails:9
  [1m[35m (0.4ms)[0m  [1m[34mSELECT "schema_migrations"."version" FROM "schema_migrations" ORDER BY "schema_migrations"."version" ASC[0m
  ↳ bin/rails:9
Migrating to CreateFoodItems (20200505191747)
  [1m[35m (0.7ms)[0m  [1m[35mBEGIN[0m
  ↳ bin/rails:9
  [1m[35m (1.9ms)[0m  [1m[31mROLLBACK[0m
  ↳ bin/rails:9
  [1m[35m (0.4ms)[0m  [1m[34mSELECT pg_advisory_unlock(8004222036087932970)[0m
  ↳ bin/rails:9
  [1m[35m (2.0ms)[0m  [1m[34mSELECT "schema_migrations"."version" FROM "schema_migrations" ORDER BY "schema_migrations"."version" ASC[0m
  ↳ bin/rails:9
  [1m[35m (0.4ms)[0m  [1m[34mSELECT "schema_migrations"."version" FROM "schema_migrations" ORDER BY "schema_migrations"."version" ASC[0m
  ↳ bin/rails:9
  [1m[35m (0.3ms)[0m  [1m[34mSELECT "schema_migrations"."version" FROM "schema_migrations" ORDER BY "schema_migrations"."version" ASC[0m
  ↳ bin/rails:9
  [1m[35m (0.3ms)[0m  [1m[34mSELECT pg_try_advisory_lock(8004222036087932970)[0m
  ↳ bin/rails:9
  [1m[35m (0.3ms)[0m  [1m[34mSELECT "schema_migrations"."version" FROM "schema_migrations" ORDER BY "schema_migrations"."version" ASC[0m
  ↳ bin/rails:9
Migrating to CreateFoodItems (20200505191747)
  [1m[35m (0.2ms)[0m  [1m[35mBEGIN[0m
  ↳ bin/rails:9
  [1m[35m (0.2ms)[0m  [1m[31mROLLBACK[0m
  ↳ bin/rails:9
  [1m[35m (0.3ms)[0m  [1m[34mSELECT pg_advisory_unlock(8004222036087932970)[0m
  ↳ bin/rails:9
  [1m[35m (0.3ms)[0m  [1m[34mSELECT pg_try_advisory_lock(8004222036087932970)[0m
  ↳ bin/rails:9
  [1m[35m (2.4ms)[0m  [1m[34mSELECT "schema_migrations"."version" FROM "schema_migrations" ORDER BY "schema_migrations"."version" ASC[0m
  ↳ bin/rails:9
  [1m[36mActiveRecord::InternalMetadata Load (5.1ms)[0m  [1m[34mSELECT  "ar_internal_metadata".* FROM "ar_internal_metadata" WHERE "ar_internal_metadata"."key" = $1 LIMIT $2[0m  [["key", "environment"], ["LIMIT", 1]]
  ↳ bin/rails:9
  [1m[35m (0.3ms)[0m  [1m[35mBEGIN[0m
  ↳ bin/rails:9
  [1m[35m (0.2ms)[0m  [1m[35mCOMMIT[0m
  ↳ bin/rails:9
  [1m[35m (0.4ms)[0m  [1m[34mSELECT pg_advisory_unlock(8004222036087932970)[0m
  ↳ bin/rails:9
  [1m[35m (0.5ms)[0m  [1m[34mSELECT "schema_migrations"."version" FROM "schema_migrations" ORDER BY "schema_migrations"."version" ASC[0m
  ↳ bin/rails:9
  [1m[35m (1.2ms)[0m  [1m[34mSELECT pg_try_advisory_lock(8004222036087932970)[0m
  ↳ bin/rails:9
  [1m[35m (2.6ms)[0m  [1m[34mSELECT "schema_migrations"."version" FROM "schema_migrations" ORDER BY "schema_migrations"."version" ASC[0m
  ↳ bin/rails:9
Migrating to CreateWorkingHours (20200505193147)
  [1m[35m (0.6ms)[0m  [1m[35mBEGIN[0m
  ↳ bin/rails:9
  [1m[35m (31.0ms)[0m  [1m[35mCREATE TABLE "working_hours" ("id" bigserial primary key, "day" date NOT NULL, "start_time" time NOT NULL, "end_time" time NOT NULL, "status" integer DEFAULT 0 NOT NULL, "restaurant_id" bigint)[0m
  ↳ db/migrate/20200505193147_create_working_hours.rb:3
  [1m[35m (1.5ms)[0m  [1m[35mCREATE  INDEX  "index_working_hours_on_restaurant_id" ON "working_hours"  ("restaurant_id")[0m
  ↳ db/migrate/20200505193147_create_working_hours.rb:3
  [1m[35m (2.2ms)[0m  [1m[35mCREATE UNIQUE INDEX  "index_working_hours_on_day" ON "working_hours"  ("day")[0m
  ↳ db/migrate/20200505193147_create_working_hours.rb:10
  [1m[36mActiveRecord::SchemaMigration Create (2.3ms)[0m  [1m[32mINSERT INTO "schema_migrations" ("version") VALUES ($1) RETURNING "version"[0m  [["version", "20200505193147"]]
  ↳ bin/rails:9
  [1m[35m (3.7ms)[0m  [1m[35mCOMMIT[0m
  ↳ bin/rails:9
  [1m[36mActiveRecord::InternalMetadata Load (1.5ms)[0m  [1m[34mSELECT  "ar_internal_metadata".* FROM "ar_internal_metadata" WHERE "ar_internal_metadata"."key" = $1 LIMIT $2[0m  [["key", "environment"], ["LIMIT", 1]]
  ↳ bin/rails:9
  [1m[35m (1.3ms)[0m  [1m[35mBEGIN[0m
  ↳ bin/rails:9
  [1m[35m (0.2ms)[0m  [1m[35mCOMMIT[0m
  ↳ bin/rails:9
  [1m[35m (0.3ms)[0m  [1m[34mSELECT pg_advisory_unlock(8004222036087932970)[0m
  ↳ bin/rails:9
  [1m[35m (0.4ms)[0m  [1m[34mSELECT "schema_migrations"."version" FROM "schema_migrations" ORDER BY "schema_migrations"."version" ASC[0m
  ↳ bin/rails:9
  [1m[35m (0.3ms)[0m  [1m[34mSELECT pg_try_advisory_lock(8004222036087932970)[0m
  ↳ bin/rails:9
  [1m[35m (3.7ms)[0m  [1m[34mSELECT "schema_migrations"."version" FROM "schema_migrations" ORDER BY "schema_migrations"."version" ASC[0m
  ↳ bin/rails:9
Migrating to CreateOrders (20200505193614)
  [1m[35m (0.3ms)[0m  [1m[35mBEGIN[0m
  ↳ bin/rails:9
  [1m[35m (13.0ms)[0m  [1m[35mCREATE TABLE "orders" ("id" bigserial primary key, "cart_id" bigint, "status" integer DEFAULT 0 NOT NULL)[0m
  ↳ db/migrate/20200505193614_create_orders.rb:3
  [1m[35m (1.1ms)[0m  [1m[35mCREATE  INDEX  "index_orders_on_cart_id" ON "orders"  ("cart_id")[0m
  ↳ db/migrate/20200505193614_create_orders.rb:3
  [1m[36mActiveRecord::SchemaMigration Create (1.0ms)[0m  [1m[32mINSERT INTO "schema_migrations" ("version") VALUES ($1) RETURNING "version"[0m  [["version", "20200505193614"]]
  ↳ bin/rails:9
  [1m[35m (3.7ms)[0m  [1m[35mCOMMIT[0m
  ↳ bin/rails:9
  [1m[36mActiveRecord::InternalMetadata Load (1.4ms)[0m  [1m[34mSELECT  "ar_internal_metadata".* FROM "ar_internal_metadata" WHERE "ar_internal_metadata"."key" = $1 LIMIT $2[0m  [["key", "environment"], ["LIMIT", 1]]
  ↳ bin/rails:9
  [1m[35m (0.2ms)[0m  [1m[35mBEGIN[0m
  ↳ bin/rails:9
  [1m[35m (0.3ms)[0m  [1m[35mCOMMIT[0m
  ↳ bin/rails:9
  [1m[35m (0.3ms)[0m  [1m[34mSELECT pg_advisory_unlock(8004222036087932970)[0m
  ↳ bin/rails:9
  [1m[35m (1.0ms)[0m  [1m[34mSELECT "schema_migrations"."version" FROM "schema_migrations" ORDER BY "schema_migrations"."version" ASC[0m
  ↳ bin/rails:9
  [1m[35m (0.3ms)[0m  [1m[34mSELECT pg_try_advisory_lock(8004222036087932970)[0m
  ↳ bin/rails:9
  [1m[35m (3.0ms)[0m  [1m[34mSELECT "schema_migrations"."version" FROM "schema_migrations" ORDER BY "schema_migrations"."version" ASC[0m
  ↳ bin/rails:9
Migrating to CreateCarts (20200505193805)
  [1m[35m (0.2ms)[0m  [1m[35mBEGIN[0m
  ↳ bin/rails:9
  [1m[35m (10.1ms)[0m  [1m[35mCREATE TABLE "carts" ("id" bigserial primary key, "consumer_id" bigint, "restaurant_id" bigint, "order_status" integer DEFAULT 0 NOT NULL, "created_at" timestamp NOT NULL, "updated_at" timestamp NOT NULL)[0m
  ↳ db/migrate/20200505193805_create_carts.rb:3
  [1m[35m (1.8ms)[0m  [1m[35mCREATE  INDEX  "index_carts_on_consumer_id" ON "carts"  ("consumer_id")[0m
  ↳ db/migrate/20200505193805_create_carts.rb:3
  [1m[35m (1.1ms)[0m  [1m[35mCREATE  INDEX  "index_carts_on_restaurant_id" ON "carts"  ("restaurant_id")[0m
  ↳ db/migrate/20200505193805_create_carts.rb:3
  [1m[36mActiveRecord::SchemaMigration Create (0.5ms)[0m  [1m[32mINSERT INTO "schema_migrations" ("version") VALUES ($1) RETURNING "version"[0m  [["version", "20200505193805"]]
  ↳ bin/rails:9
  [1m[35m (0.9ms)[0m  [1m[35mCOMMIT[0m
  ↳ bin/rails:9
  [1m[36mActiveRecord::InternalMetadata Load (1.3ms)[0m  [1m[34mSELECT  "ar_internal_metadata".* FROM "ar_internal_metadata" WHERE "ar_internal_metadata"."key" = $1 LIMIT $2[0m  [["key", "environment"], ["LIMIT", 1]]
  ↳ bin/rails:9
  [1m[35m (0.2ms)[0m  [1m[35mBEGIN[0m
  ↳ bin/rails:9
  [1m[35m (0.2ms)[0m  [1m[35mCOMMIT[0m
  ↳ bin/rails:9
  [1m[35m (0.3ms)[0m  [1m[34mSELECT pg_advisory_unlock(8004222036087932970)[0m
  ↳ bin/rails:9
  [1m[35m (0.4ms)[0m  [1m[34mSELECT "schema_migrations"."version" FROM "schema_migrations" ORDER BY "schema_migrations"."version" ASC[0m
  ↳ bin/rails:9
  [1m[35m (0.3ms)[0m  [1m[34mSELECT pg_try_advisory_lock(8004222036087932970)[0m
  ↳ bin/rails:9
  [1m[35m (2.5ms)[0m  [1m[34mSELECT "schema_migrations"."version" FROM "schema_migrations" ORDER BY "schema_migrations"."version" ASC[0m
  ↳ bin/rails:9
Migrating to CreateCartItems (20200505194003)
  [1m[35m (0.2ms)[0m  [1m[35mBEGIN[0m
  ↳ bin/rails:9
  [1m[35m (9.5ms)[0m  [1m[35mCREATE TABLE "cart_items" ("id" bigserial primary key, "cart_id" bigint, "food_item_id" bigint, "quantity" integer NOT NULL, "created_at" timestamp NOT NULL, "updated_at" timestamp NOT NULL)[0m
  ↳ db/migrate/20200505194003_create_cart_items.rb:3
  [1m[35m (1.3ms)[0m  [1m[35mCREATE  INDEX  "index_cart_items_on_cart_id" ON "cart_items"  ("cart_id")[0m
  ↳ db/migrate/20200505194003_create_cart_items.rb:3
  [1m[35m (1.1ms)[0m  [1m[35mCREATE  INDEX  "index_cart_items_on_food_item_id" ON "cart_items"  ("food_item_id")[0m
  ↳ db/migrate/20200505194003_create_cart_items.rb:3
  [1m[36mActiveRecord::SchemaMigration Create (0.9ms)[0m  [1m[32mINSERT INTO "schema_migrations" ("version") VALUES ($1) RETURNING "version"[0m  [["version", "20200505194003"]]
  ↳ bin/rails:9
  [1m[35m (1.5ms)[0m  [1m[35mCOMMIT[0m
  ↳ bin/rails:9
  [1m[36mActiveRecord::InternalMetadata Load (1.6ms)[0m  [1m[34mSELECT  "ar_internal_metadata".* FROM "ar_internal_metadata" WHERE "ar_internal_metadata"."key" = $1 LIMIT $2[0m  [["key", "environment"], ["LIMIT", 1]]
  ↳ bin/rails:9
  [1m[35m (0.3ms)[0m  [1m[35mBEGIN[0m
  ↳ bin/rails:9
  [1m[35m (0.2ms)[0m  [1m[35mCOMMIT[0m
  ↳ bin/rails:9
  [1m[35m (0.4ms)[0m  [1m[34mSELECT pg_advisory_unlock(8004222036087932970)[0m
  ↳ bin/rails:9
  [1m[35m (0.5ms)[0m  [1m[34mSELECT "schema_migrations"."version" FROM "schema_migrations" ORDER BY "schema_migrations"."version" ASC[0m
  ↳ bin/rails:9
  [1m[35m (0.3ms)[0m  [1m[34mSELECT pg_try_advisory_lock(8004222036087932970)[0m
  ↳ bin/rails:9
  [1m[35m (2.6ms)[0m  [1m[34mSELECT "schema_migrations"."version" FROM "schema_migrations" ORDER BY "schema_migrations"."version" ASC[0m
  ↳ bin/rails:9
Migrating to CreateReviews (20200505194126)
  [1m[35m (0.4ms)[0m  [1m[35mBEGIN[0m
  ↳ bin/rails:9
  [1m[35m (14.0ms)[0m  [1m[35mCREATE TABLE "reviews" ("id" bigserial primary key, "order_id" bigint, "description" text NOT NULL, "created_at" timestamp NOT NULL, "updated_at" timestamp NOT NULL)[0m
  ↳ db/migrate/20200505194126_create_reviews.rb:3
  [1m[35m (1.5ms)[0m  [1m[35mCREATE  INDEX  "index_reviews_on_order_id" ON "reviews"  ("order_id")[0m
  ↳ db/migrate/20200505194126_create_reviews.rb:3
  [1m[36mActiveRecord::SchemaMigration Create (0.6ms)[0m  [1m[32mINSERT INTO "schema_migrations" ("version") VALUES ($1) RETURNING "version"[0m  [["version", "20200505194126"]]
  ↳ bin/rails:9
  [1m[35m (1.1ms)[0m  [1m[35mCOMMIT[0m
  ↳ bin/rails:9
  [1m[36mActiveRecord::InternalMetadata Load (1.3ms)[0m  [1m[34mSELECT  "ar_internal_metadata".* FROM "ar_internal_metadata" WHERE "ar_internal_metadata"."key" = $1 LIMIT $2[0m  [["key", "environment"], ["LIMIT", 1]]
  ↳ bin/rails:9
  [1m[35m (0.2ms)[0m  [1m[35mBEGIN[0m
  ↳ bin/rails:9
  [1m[35m (0.3ms)[0m  [1m[35mCOMMIT[0m
  ↳ bin/rails:9
  [1m[35m (0.4ms)[0m  [1m[34mSELECT pg_advisory_unlock(8004222036087932970)[0m
  ↳ bin/rails:9
  [1m[35m (0.5ms)[0m  [1m[34mSELECT "schema_migrations"."version" FROM "schema_migrations" ORDER BY "schema_migrations"."version" ASC[0m
  ↳ bin/rails:9
  [1m[35m (0.3ms)[0m  [1m[34mSELECT pg_try_advisory_lock(8004222036087932970)[0m
  ↳ bin/rails:9
  [1m[35m (3.2ms)[0m  [1m[34mSELECT "schema_migrations"."version" FROM "schema_migrations" ORDER BY "schema_migrations"."version" ASC[0m
  ↳ bin/rails:9
Migrating to RemoveIndex (20200505194407)
  [1m[35m (0.2ms)[0m  [1m[35mBEGIN[0m
  ↳ bin/rails:9
  [1m[35m (7.7ms)[0m  [1m[35mDROP INDEX  "index_users_on_name"[0m
  ↳ db/migrate/20200505194407_remove_index.rb:3
  [1m[36mActiveRecord::SchemaMigration Create (0.7ms)[0m  [1m[32mINSERT INTO "schema_migrations" ("version") VALUES ($1) RETURNING "version"[0m  [["version", "20200505194407"]]
  ↳ bin/rails:9
  [1m[35m (5.6ms)[0m  [1m[35mCOMMIT[0m
  ↳ bin/rails:9
  [1m[36mActiveRecord::InternalMetadata Load (1.5ms)[0m  [1m[34mSELECT  "ar_internal_metadata".* FROM "ar_internal_metadata" WHERE "ar_internal_metadata"."key" = $1 LIMIT $2[0m  [["key", "environment"], ["LIMIT", 1]]
  ↳ bin/rails:9
  [1m[35m (0.3ms)[0m  [1m[35mBEGIN[0m
  ↳ bin/rails:9
  [1m[35m (0.3ms)[0m  [1m[35mCOMMIT[0m
  ↳ bin/rails:9
  [1m[35m (0.4ms)[0m  [1m[34mSELECT pg_advisory_unlock(8004222036087932970)[0m
  ↳ bin/rails:9
  [1m[35m (0.3ms)[0m  [1m[34mSELECT "schema_migrations"."version" FROM "schema_migrations" ORDER BY "schema_migrations"."version" ASC[0m
  ↳ bin/rails:9
  [1m[35m (0.8ms)[0m  [1m[34mSELECT pg_try_advisory_lock(8004222036087932970)[0m
  ↳ bin/rails:9
  [1m[35m (2.2ms)[0m  [1m[34mSELECT "schema_migrations"."version" FROM "schema_migrations" ORDER BY "schema_migrations"."version" ASC[0m
  ↳ bin/rails:9
Migrating to ChangeColumnContactNo (20200505194748)
  [1m[35m (0.6ms)[0m  [1m[35mBEGIN[0m
  ↳ bin/rails:9
  [1m[35m (65.5ms)[0m  [1m[35mALTER TABLE "users" ALTER COLUMN "contact_no" TYPE bigint[0m
  ↳ db/migrate/20200505194748_change_column_contact_no.rb:3
  [1m[36mActiveRecord::SchemaMigration Create (1.9ms)[0m  [1m[32mINSERT INTO "schema_migrations" ("version") VALUES ($1) RETURNING "version"[0m  [["version", "20200505194748"]]
  ↳ bin/rails:9
  [1m[35m (5.0ms)[0m  [1m[35mCOMMIT[0m
  ↳ bin/rails:9
  [1m[36mActiveRecord::InternalMetadata Load (1.2ms)[0m  [1m[34mSELECT  "ar_internal_metadata".* FROM "ar_internal_metadata" WHERE "ar_internal_metadata"."key" = $1 LIMIT $2[0m  [["key", "environment"], ["LIMIT", 1]]
  ↳ bin/rails:9
  [1m[35m (0.2ms)[0m  [1m[35mBEGIN[0m
  ↳ bin/rails:9
  [1m[35m (0.2ms)[0m  [1m[35mCOMMIT[0m
  ↳ bin/rails:9
  [1m[35m (0.3ms)[0m  [1m[34mSELECT pg_advisory_unlock(8004222036087932970)[0m
  ↳ bin/rails:9
  [1m[35m (0.7ms)[0m  [1m[34mSELECT "schema_migrations"."version" FROM "schema_migrations" ORDER BY "schema_migrations"."version" ASC[0m
  ↳ bin/rails:9
